{
  "/Users/joeynguyen/git/projects/spendless/main.ts": {
    "path": "/Users/joeynguyen/git/projects/spendless/main.ts",
    "statementMap": {
      "0": {
        "start": { "line": 1, "column": 0 },
        "end": { "line": null, "column": -1 }
      },
      "1": {
        "start": { "line": 2, "column": 0 },
        "end": { "line": null, "column": -1 }
      },
      "2": {
        "start": { "line": 1, "column": 0 },
        "end": { "line": 1, "column": -1 }
      },
      "3": {
        "start": { "line": 4, "column": 14 },
        "end": { "line": 4, "column": 0 }
      },
      "4": {
        "start": { "line": 7, "column": 26 },
        "end": { "line": 7, "column": 0 }
      },
      "5": {
        "start": { "line": 7, "column": 26 },
        "end": { "line": 30, "column": 1 }
      },
      "6": {
        "start": { "line": 8, "column": 8 },
        "end": { "line": null, "column": -1 }
      },
      "7": {
        "start": { "line": 14, "column": 8 },
        "end": { "line": null, "column": -1 }
      },
      "8": {
        "start": { "line": 15, "column": 8 },
        "end": { "line": null, "column": -1 }
      },
      "9": {
        "start": { "line": 21, "column": 2 },
        "end": { "line": null, "column": -1 }
      },
      "10": {
        "start": { "line": 23, "column": 6 },
        "end": { "line": null, "column": -1 }
      },
      "11": {
        "start": { "line": 24, "column": 8 },
        "end": { "line": null, "column": -1 }
      },
      "12": {
        "start": { "line": 28, "column": 18 },
        "end": { "line": 28, "column": 59 }
      },
      "13": {
        "start": { "line": 29, "column": 18 },
        "end": { "line": 29, "column": 57 }
      },
      "14": {
        "start": { "line": 34, "column": 39 },
        "end": { "line": 34, "column": 0 }
      },
      "15": {
        "start": { "line": 38, "column": 2 },
        "end": { "line": null, "column": -1 }
      },
      "16": {
        "start": { "line": 49, "column": 2 },
        "end": { "line": null, "column": -1 }
      },
      "17": {
        "start": { "line": 61, "column": 2 },
        "end": { "line": null, "column": -1 }
      },
      "18": {
        "start": { "line": 65, "column": 4 },
        "end": { "line": null, "column": -1 }
      },
      "19": {
        "start": { "line": 72, "column": 0 },
        "end": { "line": null, "column": -1 }
      },
      "20": {
        "start": { "line": 72, "column": 16 },
        "end": { "line": 77, "column": 1 }
      },
      "21": {
        "start": { "line": 73, "column": 6 },
        "end": { "line": null, "column": -1 }
      },
      "22": {
        "start": { "line": 74, "column": 4 },
        "end": { "line": null, "column": -1 }
      },
      "23": {
        "start": { "line": 76, "column": 2 },
        "end": { "line": null, "column": -1 }
      },
      "24": {
        "start": { "line": 80, "column": 0 },
        "end": { "line": null, "column": -1 }
      },
      "25": {
        "start": { "line": 83, "column": 2 },
        "end": { "line": 85, "column": 3 }
      },
      "26": {
        "start": { "line": 84, "column": 4 },
        "end": { "line": null, "column": -1 }
      },
      "27": {
        "start": { "line": 88, "column": 0 },
        "end": { "line": null, "column": -1 }
      },
      "28": {
        "start": { "line": 91, "column": 2 },
        "end": { "line": 93, "column": 3 }
      },
      "29": {
        "start": { "line": 92, "column": 4 },
        "end": { "line": null, "column": -1 }
      }
    },
    "fnMap": {
      "0": {
        "name": "(anonymous_13)",
        "decl": {
          "start": { "line": 7, "column": 26 },
          "end": { "line": 7, "column": 25 }
        },
        "loc": {
          "start": { "line": 7, "column": 26 },
          "end": { "line": 7, "column": 0 }
        }
      },
      "1": {
        "name": "(anonymous_16)",
        "decl": {
          "start": { "line": 22, "column": 19 },
          "end": { "line": 22, "column": 18 }
        },
        "loc": {
          "start": { "line": 22, "column": 28 },
          "end": { "line": 22, "column": 4 }
        }
      },
      "2": {
        "name": "(anonymous_17)",
        "decl": {
          "start": { "line": 23, "column": 25 },
          "end": { "line": 23, "column": 24 }
        },
        "loc": {
          "start": { "line": 23, "column": 32 },
          "end": { "line": 23, "column": 13 }
        }
      },
      "3": {
        "name": "(anonymous_18)",
        "decl": {
          "start": { "line": 28, "column": 10 },
          "end": { "line": 28, "column": 9 }
        },
        "loc": {
          "start": { "line": 28, "column": 14 },
          "end": { "line": 21, "column": 8 }
        }
      },
      "4": {
        "name": "(anonymous_19)",
        "decl": {
          "start": { "line": 29, "column": 11 },
          "end": { "line": 29, "column": 10 }
        },
        "loc": {
          "start": { "line": 29, "column": 14 },
          "end": { "line": 21, "column": 8 }
        }
      },
      "5": {
        "name": "createWindow",
        "decl": {
          "start": { "line": 36, "column": 0 },
          "end": { "line": 36, "column": -1 }
        },
        "loc": {
          "start": { "line": 36, "column": 0 },
          "end": { "line": 67, "column": 1 }
        }
      },
      "6": {
        "name": "(anonymous_21)",
        "decl": {
          "start": { "line": 61, "column": 26 },
          "end": { "line": 61, "column": 25 }
        },
        "loc": {
          "start": { "line": 61, "column": 26 },
          "end": { "line": 61, "column": 2 }
        }
      },
      "7": {
        "name": "(anonymous_22)",
        "decl": {
          "start": { "line": 72, "column": 16 },
          "end": { "line": 72, "column": 15 }
        },
        "loc": {
          "start": { "line": 72, "column": 16 },
          "end": { "line": 72, "column": 0 }
        }
      },
      "8": {
        "name": "(anonymous_25)",
        "decl": {
          "start": { "line": 80, "column": 28 },
          "end": { "line": 80, "column": 27 }
        },
        "loc": {
          "start": { "line": 80, "column": 28 },
          "end": { "line": 80, "column": 0 }
        }
      },
      "9": {
        "name": "(anonymous_26)",
        "decl": {
          "start": { "line": 88, "column": 19 },
          "end": { "line": 88, "column": 18 }
        },
        "loc": {
          "start": { "line": 88, "column": 19 },
          "end": { "line": 88, "column": 0 }
        }
      }
    },
    "branchMap": {
      "0": {
        "loc": {
          "start": { "line": 51, "column": 8 },
          "end": { "line": 50, "column": 4 }
        },
        "type": "cond-expr",
        "locations": [
          {
            "start": { "line": 51, "column": 8 },
            "end": { "line": 50, "column": 4 }
          },
          {
            "start": { "line": 52, "column": 8 },
            "end": { "line": 49, "column": 2 }
          }
        ]
      },
      "1": {
        "loc": {
          "start": { "line": 83, "column": 2 },
          "end": { "line": 85, "column": 3 }
        },
        "type": "if",
        "locations": [
          {
            "start": { "line": 83, "column": 2 },
            "end": { "line": 85, "column": 3 }
          },
          {
            "start": { "line": 83, "column": 2 },
            "end": { "line": 85, "column": 3 }
          }
        ]
      },
      "2": {
        "loc": {
          "start": { "line": 91, "column": 2 },
          "end": { "line": 93, "column": 3 }
        },
        "type": "if",
        "locations": [
          {
            "start": { "line": 91, "column": 2 },
            "end": { "line": 93, "column": 3 }
          },
          {
            "start": { "line": 91, "column": 2 },
            "end": { "line": 93, "column": 3 }
          }
        ]
      }
    },
    "s": {
      "0": 0,
      "1": 0,
      "2": 0,
      "3": 0,
      "4": 0,
      "5": 0,
      "6": 0,
      "7": 0,
      "8": 0,
      "9": 0,
      "10": 0,
      "11": 0,
      "12": 0,
      "13": 0,
      "14": 0,
      "15": 0,
      "16": 0,
      "17": 0,
      "18": 0,
      "19": 0,
      "20": 0,
      "21": 0,
      "22": 0,
      "23": 0,
      "24": 0,
      "25": 0,
      "26": 0,
      "27": 0,
      "28": 0,
      "29": 0
    },
    "f": {
      "0": 0,
      "1": 0,
      "2": 0,
      "3": 0,
      "4": 0,
      "5": 0,
      "6": 0,
      "7": 0,
      "8": 0,
      "9": 0
    },
    "b": { "0": [0, 0], "1": [0, 0], "2": [0, 0] }
  },
  "/Users/joeynguyen/git/projects/spendless/src/constants.js": {
    "path": "/Users/joeynguyen/git/projects/spendless/src/constants.js",
    "statementMap": {
      "0": {
        "start": { "line": 1, "column": 35 },
        "end": { "line": 1, "column": 44 }
      },
      "1": {
        "start": { "line": 2, "column": 35 },
        "end": { "line": 2, "column": 46 }
      },
      "2": {
        "start": { "line": 4, "column": 34 },
        "end": { "line": 18, "column": 1 }
      },
      "3": {
        "start": { "line": 19, "column": 37 },
        "end": { "line": 53, "column": 1 }
      }
    },
    "fnMap": {},
    "branchMap": {},
    "s": { "0": 6, "1": 6, "2": 6, "3": 6 },
    "f": {},
    "b": {},
    "_coverageSchema": "332fd63041d2c1bcb487cc26dd0d5f7d97098a6c",
    "hash": "9893a8fb9ebe7e2ba099729c04de632e6469d7fe"
  },
  "/Users/joeynguyen/git/projects/spendless/src/index.tsx": {
    "path": "/Users/joeynguyen/git/projects/spendless/src/index.tsx",
    "statementMap": {
      "0": {
        "start": { "line": 2, "column": 0 },
        "end": { "line": null, "column": -1 }
      },
      "1": {
        "start": { "line": 3, "column": 0 },
        "end": { "line": null, "column": -1 }
      },
      "2": {
        "start": { "line": 4, "column": 0 },
        "end": { "line": null, "column": -1 }
      },
      "3": {
        "start": { "line": 6, "column": 0 },
        "end": { "line": null, "column": -1 }
      },
      "4": {
        "start": { "line": 8, "column": 14 },
        "end": { "line": 8, "column": 0 }
      },
      "5": {
        "start": { "line": 10, "column": 14 },
        "end": { "line": 10, "column": 0 }
      },
      "6": {
        "start": { "line": 12, "column": 0 },
        "end": { "line": 14, "column": 1 }
      },
      "7": {
        "start": { "line": 13, "column": 2 },
        "end": { "line": null, "column": -1 }
      },
      "8": {
        "start": { "line": 16, "column": 0 },
        "end": { "line": null, "column": -1 }
      }
    },
    "fnMap": {},
    "branchMap": {
      "0": {
        "loc": {
          "start": { "line": 12, "column": 0 },
          "end": { "line": 14, "column": 1 }
        },
        "type": "if",
        "locations": [
          {
            "start": { "line": 12, "column": 0 },
            "end": { "line": 14, "column": 1 }
          },
          {
            "start": { "line": 12, "column": 0 },
            "end": { "line": 14, "column": 1 }
          }
        ]
      }
    },
    "s": {
      "0": 0,
      "1": 0,
      "2": 0,
      "3": 0,
      "4": 0,
      "5": 0,
      "6": 0,
      "7": 0,
      "8": 0
    },
    "f": {},
    "b": { "0": [0, 0] }
  },
  "/Users/joeynguyen/git/projects/spendless/src/reducers.js": {
    "path": "/Users/joeynguyen/git/projects/spendless/src/reducers.js",
    "statementMap": {
      "0": {
        "start": { "line": 1, "column": 0 },
        "end": { "line": null, "column": -1 }
      },
      "1": {
        "start": { "line": 2, "column": 0 },
        "end": { "line": null, "column": -1 }
      },
      "2": {
        "start": { "line": 3, "column": 0 },
        "end": { "line": null, "column": -1 }
      },
      "3": {
        "start": { "line": 4, "column": 0 },
        "end": { "line": null, "column": -1 }
      },
      "4": {
        "start": { "line": 5, "column": 0 },
        "end": { "line": null, "column": -1 }
      },
      "5": {
        "start": { "line": 6, "column": 0 },
        "end": { "line": null, "column": -1 }
      },
      "6": {
        "start": { "line": 7, "column": 0 },
        "end": { "line": null, "column": -1 }
      },
      "7": {
        "start": { "line": 8, "column": 0 },
        "end": { "line": null, "column": -1 }
      },
      "8": {
        "start": { "line": 9, "column": 0 },
        "end": { "line": null, "column": -1 }
      },
      "9": {
        "start": { "line": 10, "column": 0 },
        "end": { "line": null, "column": -1 }
      },
      "10": {
        "start": { "line": 11, "column": 0 },
        "end": { "line": null, "column": -1 }
      },
      "11": {
        "start": { "line": 12, "column": 0 },
        "end": { "line": null, "column": -1 }
      },
      "12": {
        "start": { "line": 14, "column": 20 },
        "end": { "line": 14, "column": 0 }
      }
    },
    "fnMap": {},
    "branchMap": {},
    "s": {
      "0": 0,
      "1": 0,
      "2": 0,
      "3": 0,
      "4": 0,
      "5": 0,
      "6": 0,
      "7": 0,
      "8": 0,
      "9": 0,
      "10": 0,
      "11": 0,
      "12": 0
    },
    "f": {},
    "b": {}
  },
  "/Users/joeynguyen/git/projects/spendless/src/routes.js": {
    "path": "/Users/joeynguyen/git/projects/spendless/src/routes.js",
    "statementMap": {
      "0": {
        "start": { "line": 1, "column": 0 },
        "end": { "line": null, "column": -1 }
      },
      "1": {
        "start": { "line": 2, "column": 0 },
        "end": { "line": null, "column": -1 }
      },
      "2": {
        "start": { "line": 3, "column": 0 },
        "end": { "line": null, "column": -1 }
      },
      "3": {
        "start": { "line": 4, "column": 0 },
        "end": { "line": null, "column": -1 }
      },
      "4": {
        "start": { "line": 5, "column": 0 },
        "end": { "line": null, "column": -1 }
      },
      "5": {
        "start": { "line": 6, "column": 0 },
        "end": { "line": null, "column": -1 }
      }
    },
    "fnMap": {},
    "branchMap": {},
    "s": { "0": 0, "1": 0, "2": 0, "3": 0, "4": 0, "5": 0 },
    "f": {},
    "b": {}
  },
  "/Users/joeynguyen/git/projects/spendless/src/setupTests.ts": {
    "path": "/Users/joeynguyen/git/projects/spendless/src/setupTests.ts",
    "statementMap": {
      "0": {
        "start": { "line": 4, "column": 0 },
        "end": { "line": 4, "column": 38 }
      }
    },
    "fnMap": {},
    "branchMap": {},
    "s": { "0": 8 },
    "f": {},
    "b": {}
  },
  "/Users/joeynguyen/git/projects/spendless/src/account/AccountDetails.jsx": {
    "path":
      "/Users/joeynguyen/git/projects/spendless/src/account/AccountDetails.jsx",
    "statementMap": {
      "0": {
        "start": { "line": 1, "column": 0 },
        "end": { "line": null, "column": -1 }
      },
      "1": {
        "start": { "line": 2, "column": 0 },
        "end": { "line": null, "column": -1 }
      },
      "2": {
        "start": { "line": 3, "column": 0 },
        "end": { "line": null, "column": -1 }
      },
      "3": {
        "start": { "line": 5, "column": 0 },
        "end": { "line": null, "column": -1 }
      },
      "4": {
        "start": { "line": 6, "column": 0 },
        "end": { "line": null, "column": -1 }
      },
      "5": {
        "start": { "line": 7, "column": 0 },
        "end": { "line": null, "column": -1 }
      },
      "6": {
        "start": { "line": 9, "column": 23 },
        "end": { "line": 9, "column": 0 }
      },
      "7": {
        "start": { "line": 14, "column": 24 },
        "end": { "line": 14, "column": 2 }
      },
      "8": {
        "start": { "line": 15, "column": 15 },
        "end": { "line": 14, "column": 24 }
      },
      "9": {
        "start": { "line": 17, "column": 13 },
        "end": { "line": 17, "column": 2 }
      },
      "10": {
        "start": { "line": 18, "column": 2 },
        "end": { "line": 21, "column": 3 }
      },
      "11": {
        "start": { "line": 19, "column": 23 },
        "end": { "line": 19, "column": 4 }
      },
      "12": {
        "start": { "line": 20, "column": 4 },
        "end": { "line": null, "column": -1 }
      },
      "13": {
        "start": { "line": 23, "column": 2 },
        "end": { "line": null, "column": -1 }
      },
      "14": {
        "start": { "line": 46, "column": 0 },
        "end": { "line": null, "column": -1 }
      }
    },
    "fnMap": {
      "0": {
        "name": "(anonymous_1)",
        "decl": {
          "start": { "line": 9, "column": 23 },
          "end": { "line": 9, "column": 24 }
        },
        "loc": {
          "start": { "line": 13, "column": 6 },
          "end": { "line": 9, "column": 0 }
        }
      },
      "1": {
        "name": "(anonymous_2)",
        "decl": {
          "start": { "line": 15, "column": 4 },
          "end": { "line": 15, "column": 14 }
        },
        "loc": {
          "start": { "line": 15, "column": 15 },
          "end": { "line": 14, "column": 24 }
        }
      }
    },
    "branchMap": {
      "0": {
        "loc": {
          "start": { "line": 18, "column": 2 },
          "end": { "line": 21, "column": 3 }
        },
        "type": "if",
        "locations": [
          {
            "start": { "line": 18, "column": 2 },
            "end": { "line": 21, "column": 3 }
          },
          {
            "start": { "line": 18, "column": 2 },
            "end": { "line": 21, "column": 3 }
          }
        ]
      },
      "1": {
        "loc": {
          "start": { "line": 18, "column": 6 },
          "end": { "line": 18, "column": 22 }
        },
        "type": "binary-expr",
        "locations": [
          {
            "start": { "line": 18, "column": 6 },
            "end": { "line": 18, "column": 22 }
          },
          {
            "start": { "line": 18, "column": 23 },
            "end": { "line": 18, "column": 2 }
          }
        ]
      }
    },
    "s": {
      "0": 0,
      "1": 0,
      "2": 0,
      "3": 0,
      "4": 0,
      "5": 0,
      "6": 0,
      "7": 0,
      "8": 0,
      "9": 0,
      "10": 0,
      "11": 0,
      "12": 0,
      "13": 0,
      "14": 0
    },
    "f": { "0": 0, "1": 0 },
    "b": { "0": [0, 0], "1": [0, 0] }
  },
  "/Users/joeynguyen/git/projects/spendless/src/account/AccountPage.jsx": {
    "path":
      "/Users/joeynguyen/git/projects/spendless/src/account/AccountPage.jsx",
    "statementMap": {
      "0": {
        "start": { "line": 1, "column": 0 },
        "end": { "line": null, "column": -1 }
      },
      "1": {
        "start": { "line": 2, "column": 0 },
        "end": { "line": null, "column": -1 }
      },
      "2": {
        "start": { "line": 3, "column": 0 },
        "end": { "line": null, "column": -1 }
      },
      "3": {
        "start": { "line": 5, "column": 0 },
        "end": { "line": null, "column": -1 }
      },
      "4": {
        "start": { "line": 6, "column": 0 },
        "end": { "line": null, "column": -1 }
      },
      "5": {
        "start": { "line": 7, "column": 0 },
        "end": { "line": null, "column": -1 }
      },
      "6": {
        "start": { "line": 8, "column": 0 },
        "end": { "line": null, "column": -1 }
      },
      "7": {
        "start": { "line": 9, "column": 0 },
        "end": { "line": null, "column": -1 }
      },
      "8": {
        "start": { "line": 11, "column": 20 },
        "end": { "line": 11, "column": 0 }
      },
      "9": {
        "start": { "line": 21, "column": 2 },
        "end": { "line": 34, "column": 3 }
      },
      "10": {
        "start": { "line": 22, "column": 4 },
        "end": { "line": null, "column": -1 }
      },
      "11": {
        "start": { "line": 36, "column": 33 },
        "end": { "line": 36, "column": 2 }
      },
      "12": {
        "start": { "line": 39, "column": 36 },
        "end": { "line": 39, "column": 2 }
      },
      "13": {
        "start": { "line": 43, "column": 2 },
        "end": { "line": null, "column": -1 }
      },
      "14": {
        "start": { "line": 62, "column": 0 },
        "end": { "line": null, "column": -1 }
      }
    },
    "fnMap": {
      "0": {
        "name": "(anonymous_1)",
        "decl": {
          "start": { "line": 11, "column": 20 },
          "end": { "line": 11, "column": 21 }
        },
        "loc": {
          "start": { "line": 19, "column": 6 },
          "end": { "line": 11, "column": 0 }
        }
      }
    },
    "branchMap": {
      "0": {
        "loc": {
          "start": { "line": 21, "column": 2 },
          "end": { "line": 34, "column": 3 }
        },
        "type": "if",
        "locations": [
          {
            "start": { "line": 21, "column": 2 },
            "end": { "line": 34, "column": 3 }
          },
          {
            "start": { "line": 21, "column": 2 },
            "end": { "line": 34, "column": 3 }
          }
        ]
      },
      "1": {
        "loc": {
          "start": { "line": 21, "column": 6 },
          "end": { "line": 21, "column": 5 }
        },
        "type": "binary-expr",
        "locations": [
          {
            "start": { "line": 21, "column": 6 },
            "end": { "line": 21, "column": 5 }
          },
          {
            "start": { "line": 21, "column": 29 },
            "end": { "line": 21, "column": 2 }
          }
        ]
      },
      "2": {
        "loc": {
          "start": { "line": 37, "column": 4 },
          "end": { "line": 36, "column": 33 }
        },
        "type": "cond-expr",
        "locations": [
          {
            "start": { "line": 37, "column": 4 },
            "end": { "line": 36, "column": 33 }
          },
          {
            "start": { "line": 38, "column": 6 },
            "end": { "line": 36, "column": 2 }
          }
        ]
      },
      "3": {
        "loc": {
          "start": { "line": 40, "column": 4 },
          "end": { "line": 39, "column": 36 }
        },
        "type": "cond-expr",
        "locations": [
          {
            "start": { "line": 40, "column": 4 },
            "end": { "line": 39, "column": 36 }
          },
          {
            "start": { "line": 41, "column": 6 },
            "end": { "line": 39, "column": 2 }
          }
        ]
      }
    },
    "s": {
      "0": 0,
      "1": 0,
      "2": 0,
      "3": 0,
      "4": 0,
      "5": 0,
      "6": 0,
      "7": 0,
      "8": 0,
      "9": 0,
      "10": 0,
      "11": 0,
      "12": 0,
      "13": 0,
      "14": 0
    },
    "f": { "0": 0 },
    "b": { "0": [0, 0], "1": [0, 0], "2": [0, 0], "3": [0, 0] }
  },
  "/Users/joeynguyen/git/projects/spendless/src/account/AccountPageContainer.jsx": {
    "path":
      "/Users/joeynguyen/git/projects/spendless/src/account/AccountPageContainer.jsx",
    "statementMap": {
      "0": {
        "start": { "line": 1, "column": 0 },
        "end": { "line": null, "column": -1 }
      },
      "1": {
        "start": { "line": 2, "column": 0 },
        "end": { "line": null, "column": -1 }
      },
      "2": {
        "start": { "line": 3, "column": 0 },
        "end": { "line": null, "column": -1 }
      },
      "3": {
        "start": { "line": 4, "column": 0 },
        "end": { "line": null, "column": -1 }
      },
      "4": {
        "start": { "line": 5, "column": 0 },
        "end": { "line": null, "column": -1 }
      },
      "5": {
        "start": { "line": 6, "column": 0 },
        "end": { "line": null, "column": -1 }
      },
      "6": {
        "start": { "line": 7, "column": 0 },
        "end": { "line": null, "column": -1 }
      },
      "7": {
        "start": { "line": 9, "column": 45 },
        "end": { "line": null, "column": -1 }
      },
      "8": {
        "start": { "line": 54, "column": 4 },
        "end": { "line": 68, "column": 5 }
      },
      "9": {
        "start": { "line": 61, "column": 6 },
        "end": { "line": null, "column": -1 }
      },
      "10": {
        "start": { "line": 63, "column": 6 },
        "end": { "line": null, "column": -1 }
      },
      "11": {
        "start": { "line": 67, "column": 6 },
        "end": { "line": null, "column": -1 }
      },
      "12": {
        "start": { "line": 69, "column": 4 },
        "end": { "line": null, "column": -1 }
      },
      "13": {
        "start": { "line": 73, "column": 4 },
        "end": { "line": null, "column": -1 }
      },
      "14": {
        "start": { "line": 75, "column": 4 },
        "end": { "line": null, "column": -1 }
      },
      "15": {
        "start": { "line": 79, "column": 4 },
        "end": { "line": null, "column": -1 }
      },
      "16": {
        "start": { "line": 80, "column": 4 },
        "end": { "line": null, "column": -1 }
      },
      "17": {
        "start": { "line": 82, "column": 4 },
        "end": { "line": null, "column": -1 }
      },
      "18": {
        "start": { "line": 33, "column": 4 },
        "end": { "line": 36, "column": 5 }
      },
      "19": {
        "start": { "line": 43, "column": 4 },
        "end": { "line": 49, "column": 5 }
      },
      "20": {
        "start": { "line": 45, "column": 19 },
        "end": { "line": 44, "column": 7 }
      },
      "21": {
        "start": { "line": 48, "column": 6 },
        "end": { "line": null, "column": -1 }
      },
      "22": {
        "start": { "line": 50, "column": 4 },
        "end": { "line": null, "column": -1 }
      },
      "23": {
        "start": { "line": 86, "column": 4 },
        "end": { "line": null, "column": -1 }
      },
      "24": {
        "start": { "line": 101, "column": 2 },
        "end": { "line": null, "column": -1 }
      },
      "25": {
        "start": { "line": 112, "column": 2 },
        "end": { "line": null, "column": -1 }
      }
    },
    "fnMap": {
      "0": {
        "name": "(anonymous_1)",
        "decl": {
          "start": { "line": 9, "column": 45 },
          "end": { "line": null, "column": -1 }
        },
        "loc": {
          "start": { "line": 9, "column": 45 },
          "end": { "line": null, "column": -1 }
        }
      },
      "1": {
        "name": "(anonymous_2)",
        "decl": {
          "start": { "line": 53, "column": 20 },
          "end": { "line": 53, "column": 35 }
        },
        "loc": {
          "start": { "line": 53, "column": 36 },
          "end": { "line": 9, "column": 45 }
        }
      },
      "2": {
        "name": "(anonymous_3)",
        "decl": {
          "start": { "line": 72, "column": 20 },
          "end": { "line": 72, "column": 25 }
        },
        "loc": {
          "start": { "line": 72, "column": 26 },
          "end": { "line": 9, "column": 45 }
        }
      },
      "3": {
        "name": "(anonymous_4)",
        "decl": {
          "start": { "line": 78, "column": 21 },
          "end": { "line": 78, "column": 26 }
        },
        "loc": {
          "start": { "line": 78, "column": 27 },
          "end": { "line": 9, "column": 45 }
        }
      },
      "4": {
        "name": "(anonymous_5)",
        "decl": {
          "start": { "line": 26, "column": 2 },
          "end": { "line": 26, "column": 21 }
        },
        "loc": {
          "start": { "line": 26, "column": 22 },
          "end": { "line": 29, "column": 3 }
        }
      },
      "5": {
        "name": "(anonymous_6)",
        "decl": {
          "start": { "line": 31, "column": 2 },
          "end": { "line": 31, "column": 27 }
        },
        "loc": {
          "start": { "line": 31, "column": 39 },
          "end": { "line": 37, "column": 3 }
        }
      },
      "6": {
        "name": "(anonymous_7)",
        "decl": {
          "start": { "line": 39, "column": 2 },
          "end": { "line": 39, "column": 23 }
        },
        "loc": {
          "start": { "line": 39, "column": 35 },
          "end": { "line": 51, "column": 3 }
        }
      },
      "7": {
        "name": "(anonymous_8)",
        "decl": {
          "start": { "line": 45, "column": 8 },
          "end": { "line": 45, "column": 18 }
        },
        "loc": {
          "start": { "line": 45, "column": 19 },
          "end": { "line": 44, "column": 7 }
        }
      },
      "8": {
        "name": "(anonymous_9)",
        "decl": {
          "start": { "line": 85, "column": 2 },
          "end": { "line": 85, "column": 10 }
        },
        "loc": {
          "start": { "line": 85, "column": 11 },
          "end": { "line": 97, "column": 3 }
        }
      },
      "9": {
        "name": "mapStateToProps",
        "decl": {
          "start": { "line": 100, "column": 9 },
          "end": { "line": 100, "column": 0 }
        },
        "loc": {
          "start": { "line": 100, "column": 32 },
          "end": { "line": 109, "column": 1 }
        }
      },
      "10": {
        "name": "mapDispatchToProps",
        "decl": {
          "start": { "line": 111, "column": 9 },
          "end": { "line": 111, "column": 0 }
        },
        "loc": {
          "start": { "line": 111, "column": 38 },
          "end": { "line": 121, "column": 1 }
        }
      }
    },
    "branchMap": {
      "0": {
        "loc": {
          "start": { "line": 54, "column": 4 },
          "end": { "line": 68, "column": 5 }
        },
        "type": "if",
        "locations": [
          {
            "start": { "line": 54, "column": 4 },
            "end": { "line": 68, "column": 5 }
          },
          {
            "start": { "line": 54, "column": 4 },
            "end": { "line": 68, "column": 5 }
          }
        ]
      },
      "1": {
        "loc": {
          "start": { "line": 55, "column": 6 },
          "end": { "line": 55, "column": 5 }
        },
        "type": "binary-expr",
        "locations": [
          {
            "start": { "line": 55, "column": 6 },
            "end": { "line": 55, "column": 5 }
          },
          {
            "start": { "line": 56, "column": 6 },
            "end": { "line": 54, "column": 4 }
          }
        ]
      },
      "2": {
        "loc": {
          "start": { "line": 33, "column": 4 },
          "end": { "line": 36, "column": 5 }
        },
        "type": "if",
        "locations": [
          {
            "start": { "line": 33, "column": 4 },
            "end": { "line": 36, "column": 5 }
          },
          {
            "start": { "line": 33, "column": 4 },
            "end": { "line": 36, "column": 5 }
          }
        ]
      },
      "3": {
        "loc": {
          "start": { "line": 43, "column": 4 },
          "end": { "line": 49, "column": 5 }
        },
        "type": "if",
        "locations": [
          {
            "start": { "line": 43, "column": 4 },
            "end": { "line": 49, "column": 5 }
          },
          {
            "start": { "line": 43, "column": 4 },
            "end": { "line": 49, "column": 5 }
          }
        ]
      }
    },
    "s": {
      "0": 0,
      "1": 0,
      "2": 0,
      "3": 0,
      "4": 0,
      "5": 0,
      "6": 0,
      "7": 0,
      "8": 0,
      "9": 0,
      "10": 0,
      "11": 0,
      "12": 0,
      "13": 0,
      "14": 0,
      "15": 0,
      "16": 0,
      "17": 0,
      "18": 0,
      "19": 0,
      "20": 0,
      "21": 0,
      "22": 0,
      "23": 0,
      "24": 0,
      "25": 0
    },
    "f": {
      "0": 0,
      "1": 0,
      "2": 0,
      "3": 0,
      "4": 0,
      "5": 0,
      "6": 0,
      "7": 0,
      "8": 0,
      "9": 0,
      "10": 0
    },
    "b": { "0": [0, 0], "1": [0, 0], "2": [0, 0], "3": [0, 0] }
  },
  "/Users/joeynguyen/git/projects/spendless/src/account/AccountTransactionsReducer.js": {
    "path":
      "/Users/joeynguyen/git/projects/spendless/src/account/AccountTransactionsReducer.js",
    "statementMap": {
      "0": {
        "start": { "line": 9, "column": 2 },
        "end": { "line": null, "column": -1 }
      },
      "1": {
        "start": { "line": 11, "column": 6 },
        "end": { "line": null, "column": -1 }
      },
      "2": {
        "start": { "line": 13, "column": 6 },
        "end": { "line": null, "column": -1 }
      },
      "3": {
        "start": { "line": 15, "column": 38 },
        "end": { "line": 15, "column": 6 }
      },
      "4": {
        "start": { "line": 16, "column": 16 },
        "end": { "line": 15, "column": 38 }
      },
      "5": {
        "start": { "line": 20, "column": 6 },
        "end": { "line": 22, "column": 7 }
      },
      "6": {
        "start": { "line": 21, "column": 8 },
        "end": { "line": null, "column": -1 }
      },
      "7": {
        "start": { "line": 25, "column": 6 },
        "end": { "line": null, "column": -1 }
      },
      "8": {
        "start": { "line": 32, "column": 6 },
        "end": { "line": 35, "column": 7 }
      },
      "9": {
        "start": { "line": 34, "column": 8 },
        "end": { "line": null, "column": -1 }
      },
      "10": {
        "start": { "line": 34, "column": 36 },
        "end": { "line": 34, "column": 15 }
      },
      "11": {
        "start": { "line": 38, "column": 38 },
        "end": { "line": 38, "column": 6 }
      },
      "12": {
        "start": { "line": 39, "column": 16 },
        "end": { "line": 38, "column": 38 }
      },
      "13": {
        "start": { "line": 41, "column": 6 },
        "end": { "line": null, "column": -1 }
      },
      "14": {
        "start": { "line": 47, "column": 6 },
        "end": { "line": null, "column": -1 }
      },
      "15": {
        "start": { "line": 1, "column": 0 },
        "end": { "line": null, "column": -1 }
      }
    },
    "fnMap": {
      "0": {
        "name": "(anonymous_1)",
        "decl": {
          "start": { "line": 16, "column": 8 },
          "end": { "line": 16, "column": 15 }
        },
        "loc": {
          "start": { "line": 16, "column": 16 },
          "end": { "line": 15, "column": 38 }
        }
      },
      "1": {
        "name": "(anonymous_2)",
        "decl": {
          "start": { "line": 34, "column": 28 },
          "end": { "line": 34, "column": 35 }
        },
        "loc": {
          "start": { "line": 34, "column": 36 },
          "end": { "line": 34, "column": 15 }
        }
      },
      "2": {
        "name": "(anonymous_3)",
        "decl": {
          "start": { "line": 39, "column": 8 },
          "end": { "line": 39, "column": 15 }
        },
        "loc": {
          "start": { "line": 39, "column": 16 },
          "end": { "line": 38, "column": 38 }
        }
      }
    },
    "branchMap": {
      "0": {
        "loc": {
          "start": { "line": 8, "column": 32 },
          "end": { "line": 8, "column": 15 }
        },
        "type": "default-arg",
        "locations": [
          {
            "start": { "line": 8, "column": 32 },
            "end": { "line": 8, "column": 15 }
          }
        ]
      },
      "1": {
        "loc": {
          "start": { "line": 10, "column": 4 },
          "end": { "line": 11, "column": 6 }
        },
        "type": "switch",
        "locations": [
          {
            "start": { "line": 10, "column": 4 },
            "end": { "line": 11, "column": 6 }
          },
          {
            "start": { "line": 12, "column": 4 },
            "end": { "line": 13, "column": 6 }
          },
          {
            "start": { "line": 14, "column": 4 },
            "end": { "line": 25, "column": 6 }
          },
          {
            "start": { "line": 30, "column": 4 },
            "end": { "line": 41, "column": 6 }
          },
          {
            "start": { "line": 46, "column": 4 },
            "end": { "line": 47, "column": 6 }
          }
        ]
      },
      "2": {
        "loc": {
          "start": { "line": 20, "column": 6 },
          "end": { "line": 22, "column": 7 }
        },
        "type": "if",
        "locations": [
          {
            "start": { "line": 20, "column": 6 },
            "end": { "line": 22, "column": 7 }
          },
          {
            "start": { "line": 20, "column": 6 },
            "end": { "line": 22, "column": 7 }
          }
        ]
      },
      "3": {
        "loc": {
          "start": { "line": 32, "column": 6 },
          "end": { "line": 35, "column": 7 }
        },
        "type": "if",
        "locations": [
          {
            "start": { "line": 32, "column": 6 },
            "end": { "line": 35, "column": 7 }
          },
          {
            "start": { "line": 32, "column": 6 },
            "end": { "line": 35, "column": 7 }
          }
        ]
      }
    },
    "s": {
      "0": 0,
      "1": 0,
      "2": 0,
      "3": 0,
      "4": 0,
      "5": 0,
      "6": 0,
      "7": 0,
      "8": 0,
      "9": 0,
      "10": 0,
      "11": 0,
      "12": 0,
      "13": 0,
      "14": 0,
      "15": 0
    },
    "f": { "0": 0, "1": 0, "2": 0 },
    "b": { "0": [0], "1": [0, 0, 0, 0, 0], "2": [0, 0], "3": [0, 0] }
  },
  "/Users/joeynguyen/git/projects/spendless/src/account/AccountsActions.js": {
    "path":
      "/Users/joeynguyen/git/projects/spendless/src/account/AccountsActions.js",
    "statementMap": {
      "0": {
        "start": { "line": 7, "column": 37 },
        "end": { "line": 7, "column": 60 }
      },
      "1": {
        "start": { "line": 8, "column": 31 },
        "end": { "line": 8, "column": 48 }
      },
      "2": {
        "start": { "line": 9, "column": 30 },
        "end": { "line": 9, "column": 46 }
      },
      "3": {
        "start": { "line": 10, "column": 38 },
        "end": { "line": 10, "column": 62 }
      },
      "4": {
        "start": { "line": 14, "column": 2 },
        "end": { "line": 17, "column": 4 }
      },
      "5": {
        "start": { "line": 22, "column": 2 },
        "end": { "line": 25, "column": 4 }
      },
      "6": {
        "start": { "line": 30, "column": 2 },
        "end": { "line": 33, "column": 4 }
      },
      "7": {
        "start": { "line": 37, "column": 2 },
        "end": { "line": 39, "column": 4 }
      },
      "8": {
        "start": { "line": 43, "column": 2 },
        "end": { "line": 54, "column": 4 }
      },
      "9": {
        "start": { "line": 44, "column": 4 },
        "end": { "line": 53, "column": 9 }
      },
      "10": {
        "start": { "line": 46, "column": 8 },
        "end": { "line": 46, "column": 47 }
      },
      "11": {
        "start": { "line": 48, "column": 8 },
        "end": { "line": 48, "column": 28 }
      },
      "12": {
        "start": { "line": 51, "column": 8 },
        "end": { "line": 51, "column": 51 }
      },
      "13": {
        "start": { "line": 52, "column": 8 },
        "end": { "line": 52, "column": 20 }
      },
      "14": {
        "start": { "line": 58, "column": 2 },
        "end": { "line": 67, "column": 4 }
      },
      "15": {
        "start": { "line": 59, "column": 4 },
        "end": { "line": 66, "column": 9 }
      },
      "16": {
        "start": { "line": 61, "column": 8 },
        "end": { "line": 61, "column": 48 }
      },
      "17": {
        "start": { "line": 64, "column": 8 },
        "end": { "line": 64, "column": 50 }
      },
      "18": {
        "start": { "line": 65, "column": 8 },
        "end": { "line": 65, "column": 20 }
      },
      "19": {
        "start": { "line": 71, "column": 2 },
        "end": { "line": 82, "column": 4 }
      },
      "20": {
        "start": { "line": 72, "column": 4 },
        "end": { "line": 81, "column": 9 }
      },
      "21": {
        "start": { "line": 74, "column": 8 },
        "end": { "line": 74, "column": 51 }
      },
      "22": {
        "start": { "line": 76, "column": 8 },
        "end": { "line": 76, "column": 30 }
      },
      "23": {
        "start": { "line": 79, "column": 8 },
        "end": { "line": 79, "column": 52 }
      },
      "24": {
        "start": { "line": 80, "column": 8 },
        "end": { "line": 80, "column": 20 }
      }
    },
    "fnMap": {
      "0": {
        "name": "loadAccountsSuccess",
        "decl": {
          "start": { "line": 13, "column": 9 },
          "end": { "line": 13, "column": 28 }
        },
        "loc": {
          "start": { "line": 13, "column": 44 },
          "end": { "line": 18, "column": 1 }
        },
        "line": 13
      },
      "1": {
        "name": "removeAccount",
        "decl": {
          "start": { "line": 21, "column": 9 },
          "end": { "line": 21, "column": 22 }
        },
        "loc": {
          "start": { "line": 21, "column": 34 },
          "end": { "line": 26, "column": 1 }
        },
        "line": 21
      },
      "2": {
        "name": "updateAccounts",
        "decl": {
          "start": { "line": 29, "column": 9 },
          "end": { "line": 29, "column": 23 }
        },
        "loc": {
          "start": { "line": 29, "column": 37 },
          "end": { "line": 34, "column": 1 }
        },
        "line": 29
      },
      "3": {
        "name": "toggleUnsavedWarning",
        "decl": {
          "start": { "line": 36, "column": 16 },
          "end": { "line": 36, "column": 36 }
        },
        "loc": {
          "start": { "line": 36, "column": 39 },
          "end": { "line": 40, "column": 1 }
        },
        "line": 36
      },
      "4": {
        "name": "saveAccount",
        "decl": {
          "start": { "line": 42, "column": 16 },
          "end": { "line": 42, "column": 27 }
        },
        "loc": {
          "start": { "line": 42, "column": 37 },
          "end": { "line": 55, "column": 1 }
        },
        "line": 42
      },
      "5": {
        "name": "(anonymous_5)",
        "decl": {
          "start": { "line": 43, "column": 9 },
          "end": { "line": 43, "column": 10 }
        },
        "loc": {
          "start": { "line": 43, "column": 28 },
          "end": { "line": 54, "column": 3 }
        },
        "line": 43
      },
      "6": {
        "name": "(anonymous_6)",
        "decl": {
          "start": { "line": 45, "column": 12 },
          "end": { "line": 45, "column": 13 }
        },
        "loc": {
          "start": { "line": 45, "column": 28 },
          "end": { "line": 49, "column": 7 }
        },
        "line": 45
      },
      "7": {
        "name": "(anonymous_7)",
        "decl": {
          "start": { "line": 50, "column": 13 },
          "end": { "line": 50, "column": 14 }
        },
        "loc": {
          "start": { "line": 50, "column": 22 },
          "end": { "line": 53, "column": 7 }
        },
        "line": 50
      },
      "8": {
        "name": "getAccounts",
        "decl": {
          "start": { "line": 57, "column": 16 },
          "end": { "line": 57, "column": 27 }
        },
        "loc": {
          "start": { "line": 57, "column": 30 },
          "end": { "line": 68, "column": 1 }
        },
        "line": 57
      },
      "9": {
        "name": "(anonymous_9)",
        "decl": {
          "start": { "line": 58, "column": 9 },
          "end": { "line": 58, "column": 10 }
        },
        "loc": {
          "start": { "line": 58, "column": 28 },
          "end": { "line": 67, "column": 3 }
        },
        "line": 58
      },
      "10": {
        "name": "(anonymous_10)",
        "decl": {
          "start": { "line": 60, "column": 12 },
          "end": { "line": 60, "column": 13 }
        },
        "loc": {
          "start": { "line": 60, "column": 24 },
          "end": { "line": 62, "column": 7 }
        },
        "line": 60
      },
      "11": {
        "name": "(anonymous_11)",
        "decl": {
          "start": { "line": 63, "column": 13 },
          "end": { "line": 63, "column": 14 }
        },
        "loc": {
          "start": { "line": 63, "column": 22 },
          "end": { "line": 66, "column": 7 }
        },
        "line": 63
      },
      "12": {
        "name": "deleteAccount",
        "decl": {
          "start": { "line": 70, "column": 16 },
          "end": { "line": 70, "column": 29 }
        },
        "loc": {
          "start": { "line": 70, "column": 39 },
          "end": { "line": 83, "column": 1 }
        },
        "line": 70
      },
      "13": {
        "name": "(anonymous_13)",
        "decl": {
          "start": { "line": 71, "column": 9 },
          "end": { "line": 71, "column": 10 }
        },
        "loc": {
          "start": { "line": 71, "column": 28 },
          "end": { "line": 82, "column": 3 }
        },
        "line": 71
      },
      "14": {
        "name": "(anonymous_14)",
        "decl": {
          "start": { "line": 73, "column": 12 },
          "end": { "line": 73, "column": 13 }
        },
        "loc": {
          "start": { "line": 73, "column": 30 },
          "end": { "line": 77, "column": 7 }
        },
        "line": 73
      },
      "15": {
        "name": "(anonymous_15)",
        "decl": {
          "start": { "line": 78, "column": 13 },
          "end": { "line": 78, "column": 14 }
        },
        "loc": {
          "start": { "line": 78, "column": 22 },
          "end": { "line": 81, "column": 7 }
        },
        "line": 78
      }
    },
    "branchMap": {
      "0": {
        "loc": {
          "start": { "line": 13, "column": 29 },
          "end": { "line": 13, "column": 42 }
        },
        "type": "default-arg",
        "locations": [
          {
            "start": { "line": 13, "column": 40 },
            "end": { "line": 13, "column": 42 }
          }
        ],
        "line": 13
      }
    },
    "s": {
      "0": 6,
      "1": 6,
      "2": 6,
      "3": 6,
      "4": 0,
      "5": 0,
      "6": 0,
      "7": 0,
      "8": 0,
      "9": 0,
      "10": 0,
      "11": 0,
      "12": 0,
      "13": 0,
      "14": 0,
      "15": 0,
      "16": 0,
      "17": 0,
      "18": 0,
      "19": 0,
      "20": 0,
      "21": 0,
      "22": 0,
      "23": 0,
      "24": 0
    },
    "f": {
      "0": 0,
      "1": 0,
      "2": 0,
      "3": 0,
      "4": 0,
      "5": 0,
      "6": 0,
      "7": 0,
      "8": 0,
      "9": 0,
      "10": 0,
      "11": 0,
      "12": 0,
      "13": 0,
      "14": 0,
      "15": 0
    },
    "b": { "0": [0] },
    "_coverageSchema": "332fd63041d2c1bcb487cc26dd0d5f7d97098a6c",
    "hash": "09dc30563dd5fa07169d56e0bcc6ae67032e9958"
  },
  "/Users/joeynguyen/git/projects/spendless/src/account/AccountsGroup.jsx": {
    "path":
      "/Users/joeynguyen/git/projects/spendless/src/account/AccountsGroup.jsx",
    "statementMap": {
      "0": {
        "start": { "line": 1, "column": 0 },
        "end": { "line": null, "column": -1 }
      },
      "1": {
        "start": { "line": 2, "column": 0 },
        "end": { "line": null, "column": -1 }
      },
      "2": {
        "start": { "line": 3, "column": 0 },
        "end": { "line": null, "column": -1 }
      },
      "3": {
        "start": { "line": 4, "column": 0 },
        "end": { "line": null, "column": -1 }
      },
      "4": {
        "start": { "line": 9, "column": 2 },
        "end": { "line": null, "column": -1 }
      },
      "5": {
        "start": { "line": 10, "column": 4 },
        "end": { "line": null, "column": -1 }
      },
      "6": {
        "start": { "line": 23, "column": 35 },
        "end": { "line": 23, "column": 10 }
      },
      "7": {
        "start": { "line": 24, "column": 31 },
        "end": { "line": 24, "column": 10 }
      },
      "8": {
        "start": { "line": 29, "column": 10 },
        "end": { "line": null, "column": -1 }
      },
      "9": {
        "start": { "line": 36, "column": 22 },
        "end": { "line": 36, "column": 0 }
      },
      "10": {
        "start": { "line": 37, "column": 2 },
        "end": { "line": 50, "column": 3 }
      },
      "11": {
        "start": { "line": 38, "column": 4 },
        "end": { "line": null, "column": -1 }
      },
      "12": {
        "start": { "line": 51, "column": 21 },
        "end": { "line": 51, "column": 2 }
      },
      "13": {
        "start": { "line": 51, "column": 48 },
        "end": { "line": 51, "column": 21 }
      },
      "14": {
        "start": { "line": 52, "column": 23 },
        "end": { "line": 52, "column": 2 }
      },
      "15": {
        "start": { "line": 52, "column": 50 },
        "end": { "line": 52, "column": 23 }
      },
      "16": {
        "start": { "line": 53, "column": 23 },
        "end": { "line": 53, "column": 2 }
      },
      "17": {
        "start": { "line": 67, "column": 22 },
        "end": { "line": 67, "column": 2 }
      },
      "18": {
        "start": { "line": 67, "column": 52 },
        "end": { "line": 67, "column": 22 }
      },
      "19": {
        "start": { "line": 68, "column": 2 },
        "end": { "line": null, "column": -1 }
      },
      "20": {
        "start": { "line": 79, "column": 0 },
        "end": { "line": null, "column": -1 }
      }
    },
    "fnMap": {
      "0": {
        "name": "renderSubMenu",
        "decl": {
          "start": { "line": 8, "column": 9 },
          "end": { "line": 8, "column": 0 }
        },
        "loc": {
          "start": { "line": 8, "column": 40 },
          "end": { "line": 34, "column": 1 }
        }
      },
      "1": {
        "name": "(anonymous_2)",
        "decl": {
          "start": { "line": 9, "column": 9 },
          "end": { "line": 9, "column": 10 }
        },
        "loc": {
          "start": { "line": 9, "column": 29 },
          "end": { "line": 9, "column": 2 }
        }
      },
      "2": {
        "name": "(anonymous_3)",
        "decl": {
          "start": { "line": 20, "column": 34 },
          "end": { "line": 20, "column": 44 }
        },
        "loc": {
          "start": { "line": 20, "column": 45 },
          "end": { "line": 20, "column": 9 }
        }
      },
      "3": {
        "name": "(anonymous_4)",
        "decl": {
          "start": { "line": 36, "column": 22 },
          "end": { "line": 36, "column": 23 }
        },
        "loc": {
          "start": { "line": 36, "column": 57 },
          "end": { "line": 36, "column": 0 }
        }
      },
      "4": {
        "name": "(anonymous_5)",
        "decl": {
          "start": { "line": 51, "column": 37 },
          "end": { "line": 51, "column": 47 }
        },
        "loc": {
          "start": { "line": 51, "column": 48 },
          "end": { "line": 51, "column": 21 }
        }
      },
      "5": {
        "name": "(anonymous_6)",
        "decl": {
          "start": { "line": 52, "column": 39 },
          "end": { "line": 52, "column": 49 }
        },
        "loc": {
          "start": { "line": 52, "column": 50 },
          "end": { "line": 52, "column": 23 }
        }
      },
      "6": {
        "name": "(anonymous_7)",
        "decl": {
          "start": { "line": 67, "column": 42 },
          "end": { "line": 67, "column": 43 }
        },
        "loc": {
          "start": { "line": 67, "column": 52 },
          "end": { "line": 67, "column": 22 }
        }
      }
    },
    "branchMap": {
      "0": {
        "loc": {
          "start": { "line": 25, "column": 12 },
          "end": { "line": 24, "column": 31 }
        },
        "type": "cond-expr",
        "locations": [
          {
            "start": { "line": 25, "column": 12 },
            "end": { "line": 24, "column": 31 }
          },
          {
            "start": { "line": 27, "column": 12 },
            "end": { "line": 24, "column": 10 }
          }
        ]
      },
      "1": {
        "loc": {
          "start": { "line": 37, "column": 2 },
          "end": { "line": 50, "column": 3 }
        },
        "type": "if",
        "locations": [
          {
            "start": { "line": 37, "column": 2 },
            "end": { "line": 50, "column": 3 }
          },
          {
            "start": { "line": 37, "column": 2 },
            "end": { "line": 50, "column": 3 }
          }
        ]
      }
    },
    "s": {
      "0": 0,
      "1": 0,
      "2": 0,
      "3": 0,
      "4": 0,
      "5": 0,
      "6": 0,
      "7": 0,
      "8": 0,
      "9": 0,
      "10": 0,
      "11": 0,
      "12": 0,
      "13": 0,
      "14": 0,
      "15": 0,
      "16": 0,
      "17": 0,
      "18": 0,
      "19": 0,
      "20": 0
    },
    "f": { "0": 0, "1": 0, "2": 0, "3": 0, "4": 0, "5": 0, "6": 0 },
    "b": { "0": [0, 0], "1": [0, 0] }
  },
  "/Users/joeynguyen/git/projects/spendless/src/account/AccountsGroupContainer.jsx": {
    "path":
      "/Users/joeynguyen/git/projects/spendless/src/account/AccountsGroupContainer.jsx",
    "statementMap": {
      "0": {
        "start": { "line": 1, "column": 0 },
        "end": { "line": null, "column": -1 }
      },
      "1": {
        "start": { "line": 2, "column": 0 },
        "end": { "line": null, "column": -1 }
      },
      "2": {
        "start": { "line": 3, "column": 0 },
        "end": { "line": null, "column": -1 }
      },
      "3": {
        "start": { "line": 4, "column": 0 },
        "end": { "line": null, "column": -1 }
      },
      "4": {
        "start": { "line": 5, "column": 0 },
        "end": { "line": null, "column": -1 }
      },
      "5": {
        "start": { "line": 6, "column": 0 },
        "end": { "line": null, "column": -1 }
      },
      "6": {
        "start": { "line": 16, "column": 4 },
        "end": { "line": null, "column": -1 }
      },
      "7": {
        "start": { "line": 20, "column": 4 },
        "end": { "line": null, "column": -1 }
      },
      "8": {
        "start": { "line": 32, "column": 2 },
        "end": { "line": null, "column": -1 }
      },
      "9": {
        "start": { "line": 39, "column": 2 },
        "end": { "line": null, "column": -1 }
      }
    },
    "fnMap": {
      "0": {
        "name": "(anonymous_2)",
        "decl": {
          "start": { "line": 15, "column": 2 },
          "end": { "line": 15, "column": 21 }
        },
        "loc": {
          "start": { "line": 15, "column": 22 },
          "end": { "line": 17, "column": 3 }
        }
      },
      "1": {
        "name": "(anonymous_3)",
        "decl": {
          "start": { "line": 19, "column": 2 },
          "end": { "line": 19, "column": 10 }
        },
        "loc": {
          "start": { "line": 19, "column": 11 },
          "end": { "line": 26, "column": 3 }
        }
      },
      "2": {
        "name": "mapStateToProps",
        "decl": {
          "start": { "line": 31, "column": 9 },
          "end": { "line": 31, "column": 0 }
        },
        "loc": {
          "start": { "line": 31, "column": 32 },
          "end": { "line": 36, "column": 1 }
        }
      },
      "3": {
        "name": "mapDispatchToProps",
        "decl": {
          "start": { "line": 38, "column": 9 },
          "end": { "line": 38, "column": 0 }
        },
        "loc": {
          "start": { "line": 38, "column": 38 },
          "end": { "line": 42, "column": 1 }
        }
      }
    },
    "branchMap": {},
    "s": {
      "0": 0,
      "1": 0,
      "2": 0,
      "3": 0,
      "4": 0,
      "5": 0,
      "6": 0,
      "7": 0,
      "8": 0,
      "9": 0
    },
    "f": { "0": 0, "1": 0, "2": 0, "3": 0 },
    "b": {}
  },
  "/Users/joeynguyen/git/projects/spendless/src/account/AccountsReducer.js": {
    "path":
      "/Users/joeynguyen/git/projects/spendless/src/account/AccountsReducer.js",
    "statementMap": {
      "0": {
        "start": { "line": 8, "column": 2 },
        "end": { "line": null, "column": -1 }
      },
      "1": {
        "start": { "line": 10, "column": 6 },
        "end": { "line": null, "column": -1 }
      },
      "2": {
        "start": { "line": 12, "column": 34 },
        "end": { "line": 12, "column": 6 }
      },
      "3": {
        "start": { "line": 13, "column": 16 },
        "end": { "line": 12, "column": 34 }
      },
      "4": {
        "start": { "line": 17, "column": 6 },
        "end": { "line": 19, "column": 7 }
      },
      "5": {
        "start": { "line": 18, "column": 8 },
        "end": { "line": null, "column": -1 }
      },
      "6": {
        "start": { "line": 22, "column": 6 },
        "end": { "line": null, "column": -1 }
      },
      "7": {
        "start": { "line": 28, "column": 34 },
        "end": { "line": 28, "column": 6 }
      },
      "8": {
        "start": { "line": 29, "column": 16 },
        "end": { "line": 28, "column": 34 }
      },
      "9": {
        "start": { "line": 31, "column": 6 },
        "end": { "line": null, "column": -1 }
      },
      "10": {
        "start": { "line": 36, "column": 6 },
        "end": { "line": null, "column": -1 }
      },
      "11": {
        "start": { "line": 1, "column": 0 },
        "end": { "line": null, "column": -1 }
      }
    },
    "fnMap": {
      "0": {
        "name": "(anonymous_1)",
        "decl": {
          "start": { "line": 13, "column": 8 },
          "end": { "line": 13, "column": 15 }
        },
        "loc": {
          "start": { "line": 13, "column": 16 },
          "end": { "line": 12, "column": 34 }
        }
      },
      "1": {
        "name": "(anonymous_2)",
        "decl": {
          "start": { "line": 29, "column": 8 },
          "end": { "line": 29, "column": 15 }
        },
        "loc": {
          "start": { "line": 29, "column": 16 },
          "end": { "line": 28, "column": 34 }
        }
      }
    },
    "branchMap": {
      "0": {
        "loc": {
          "start": { "line": 7, "column": 32 },
          "end": { "line": 7, "column": 15 }
        },
        "type": "default-arg",
        "locations": [
          {
            "start": { "line": 7, "column": 32 },
            "end": { "line": 7, "column": 15 }
          }
        ]
      },
      "1": {
        "loc": {
          "start": { "line": 9, "column": 4 },
          "end": { "line": 10, "column": 6 }
        },
        "type": "switch",
        "locations": [
          {
            "start": { "line": 9, "column": 4 },
            "end": { "line": 10, "column": 6 }
          },
          {
            "start": { "line": 11, "column": 4 },
            "end": { "line": 22, "column": 6 }
          },
          {
            "start": { "line": 27, "column": 4 },
            "end": { "line": 31, "column": 6 }
          },
          {
            "start": { "line": 35, "column": 4 },
            "end": { "line": 36, "column": 6 }
          }
        ]
      },
      "2": {
        "loc": {
          "start": { "line": 17, "column": 6 },
          "end": { "line": 19, "column": 7 }
        },
        "type": "if",
        "locations": [
          {
            "start": { "line": 17, "column": 6 },
            "end": { "line": 19, "column": 7 }
          },
          {
            "start": { "line": 17, "column": 6 },
            "end": { "line": 19, "column": 7 }
          }
        ]
      }
    },
    "s": {
      "0": 0,
      "1": 0,
      "2": 0,
      "3": 0,
      "4": 0,
      "5": 0,
      "6": 0,
      "7": 0,
      "8": 0,
      "9": 0,
      "10": 0,
      "11": 0
    },
    "f": { "0": 0, "1": 0 },
    "b": { "0": [0], "1": [0, 0, 0, 0], "2": [0, 0] }
  },
  "/Users/joeynguyen/git/projects/spendless/src/account/ActiveAccountIdReducer.js": {
    "path":
      "/Users/joeynguyen/git/projects/spendless/src/account/ActiveAccountIdReducer.js",
    "statementMap": {
      "0": {
        "start": { "line": 2, "column": 2 },
        "end": { "line": null, "column": -1 }
      },
      "1": {
        "start": { "line": 4, "column": 6 },
        "end": { "line": 7, "column": 7 }
      },
      "2": {
        "start": { "line": 6, "column": 8 },
        "end": { "line": null, "column": -1 }
      },
      "3": {
        "start": { "line": 8, "column": 6 },
        "end": { "line": null, "column": -1 }
      },
      "4": {
        "start": { "line": 10, "column": 6 },
        "end": { "line": null, "column": -1 }
      }
    },
    "fnMap": {},
    "branchMap": {
      "0": {
        "loc": {
          "start": { "line": 1, "column": 32 },
          "end": { "line": 1, "column": 15 }
        },
        "type": "default-arg",
        "locations": [
          {
            "start": { "line": 1, "column": 32 },
            "end": { "line": 1, "column": 15 }
          }
        ]
      },
      "1": {
        "loc": {
          "start": { "line": 3, "column": 4 },
          "end": { "line": 8, "column": 6 }
        },
        "type": "switch",
        "locations": [
          {
            "start": { "line": 3, "column": 4 },
            "end": { "line": 8, "column": 6 }
          },
          {
            "start": { "line": 9, "column": 4 },
            "end": { "line": 10, "column": 6 }
          }
        ]
      },
      "2": {
        "loc": {
          "start": { "line": 4, "column": 6 },
          "end": { "line": 7, "column": 7 }
        },
        "type": "if",
        "locations": [
          {
            "start": { "line": 4, "column": 6 },
            "end": { "line": 7, "column": 7 }
          },
          {
            "start": { "line": 4, "column": 6 },
            "end": { "line": 7, "column": 7 }
          }
        ]
      }
    },
    "s": { "0": 0, "1": 0, "2": 0, "3": 0, "4": 0 },
    "f": {},
    "b": { "0": [0], "1": [0, 0], "2": [0, 0] }
  },
  "/Users/joeynguyen/git/projects/spendless/src/account/ActiveTransactionReducer.js": {
    "path":
      "/Users/joeynguyen/git/projects/spendless/src/account/ActiveTransactionReducer.js",
    "statementMap": {
      "0": {
        "start": { "line": 4, "column": 2 },
        "end": { "line": null, "column": -1 }
      },
      "1": {
        "start": { "line": 6, "column": 6 },
        "end": { "line": null, "column": -1 }
      },
      "2": {
        "start": { "line": 8, "column": 6 },
        "end": { "line": null, "column": -1 }
      },
      "3": {
        "start": { "line": 1, "column": 0 },
        "end": { "line": null, "column": -1 }
      }
    },
    "fnMap": {},
    "branchMap": {
      "0": {
        "loc": {
          "start": { "line": 3, "column": 32 },
          "end": { "line": 3, "column": 15 }
        },
        "type": "default-arg",
        "locations": [
          {
            "start": { "line": 3, "column": 32 },
            "end": { "line": 3, "column": 15 }
          }
        ]
      },
      "1": {
        "loc": {
          "start": { "line": 5, "column": 4 },
          "end": { "line": 6, "column": 6 }
        },
        "type": "switch",
        "locations": [
          {
            "start": { "line": 5, "column": 4 },
            "end": { "line": 6, "column": 6 }
          },
          {
            "start": { "line": 7, "column": 4 },
            "end": { "line": 8, "column": 6 }
          }
        ]
      }
    },
    "s": { "0": 0, "1": 0, "2": 0, "3": 0 },
    "f": {},
    "b": { "0": [0], "1": [0, 0] }
  },
  "/Users/joeynguyen/git/projects/spendless/src/account/AddTransactionButton.jsx": {
    "path":
      "/Users/joeynguyen/git/projects/spendless/src/account/AddTransactionButton.jsx",
    "statementMap": {
      "0": {
        "start": { "line": 1, "column": 0 },
        "end": { "line": null, "column": -1 }
      },
      "1": {
        "start": { "line": 2, "column": 0 },
        "end": { "line": null, "column": -1 }
      },
      "2": {
        "start": { "line": 3, "column": 0 },
        "end": { "line": null, "column": -1 }
      },
      "3": {
        "start": { "line": 4, "column": 0 },
        "end": { "line": null, "column": -1 }
      },
      "4": {
        "start": { "line": 5, "column": 0 },
        "end": { "line": null, "column": -1 }
      },
      "5": {
        "start": { "line": 6, "column": 0 },
        "end": { "line": null, "column": -1 }
      },
      "6": {
        "start": { "line": 8, "column": 45 },
        "end": { "line": null, "column": -1 }
      },
      "7": {
        "start": { "line": 14, "column": 4 },
        "end": { "line": null, "column": -1 }
      },
      "8": {
        "start": { "line": 18, "column": 4 },
        "end": { "line": null, "column": -1 }
      },
      "9": {
        "start": { "line": 27, "column": 2 },
        "end": { "line": null, "column": -1 }
      }
    },
    "fnMap": {
      "0": {
        "name": "(anonymous_2)",
        "decl": {
          "start": { "line": 8, "column": 45 },
          "end": { "line": null, "column": -1 }
        },
        "loc": {
          "start": { "line": 8, "column": 45 },
          "end": { "line": null, "column": -1 }
        }
      },
      "1": {
        "name": "(anonymous_3)",
        "decl": {
          "start": { "line": 13, "column": 28 },
          "end": { "line": 13, "column": 33 }
        },
        "loc": {
          "start": { "line": 13, "column": 34 },
          "end": { "line": 8, "column": 45 }
        }
      },
      "2": {
        "name": "(anonymous_4)",
        "decl": {
          "start": { "line": 17, "column": 2 },
          "end": { "line": 17, "column": 10 }
        },
        "loc": {
          "start": { "line": 17, "column": 11 },
          "end": { "line": 23, "column": 3 }
        }
      },
      "3": {
        "name": "mapDispatchToProps",
        "decl": {
          "start": { "line": 26, "column": 9 },
          "end": { "line": 26, "column": 0 }
        },
        "loc": {
          "start": { "line": 26, "column": 38 },
          "end": { "line": 30, "column": 1 }
        }
      }
    },
    "branchMap": {},
    "s": {
      "0": 0,
      "1": 0,
      "2": 0,
      "3": 0,
      "4": 0,
      "5": 0,
      "6": 0,
      "7": 0,
      "8": 0,
      "9": 0
    },
    "f": { "0": 0, "1": 0, "2": 0, "3": 0 },
    "b": {}
  },
  "/Users/joeynguyen/git/projects/spendless/src/account/DeleteTransactionsButton.jsx": {
    "path":
      "/Users/joeynguyen/git/projects/spendless/src/account/DeleteTransactionsButton.jsx",
    "statementMap": {
      "0": {
        "start": { "line": 1, "column": 0 },
        "end": { "line": null, "column": -1 }
      },
      "1": {
        "start": { "line": 2, "column": 0 },
        "end": { "line": null, "column": -1 }
      },
      "2": {
        "start": { "line": 3, "column": 0 },
        "end": { "line": null, "column": -1 }
      },
      "3": {
        "start": { "line": 4, "column": 0 },
        "end": { "line": null, "column": -1 }
      },
      "4": {
        "start": { "line": 5, "column": 0 },
        "end": { "line": null, "column": -1 }
      },
      "5": {
        "start": { "line": 7, "column": 0 },
        "end": { "line": null, "column": -1 }
      },
      "6": {
        "start": { "line": 9, "column": 49 },
        "end": { "line": null, "column": -1 }
      },
      "7": {
        "start": { "line": 17, "column": 33 },
        "end": { "line": 17, "column": 4 }
      },
      "8": {
        "start": { "line": 19, "column": 32 },
        "end": { "line": 19, "column": 6 }
      },
      "9": {
        "start": { "line": 20, "column": 23 },
        "end": { "line": 19, "column": 32 }
      },
      "10": {
        "start": { "line": 23, "column": 6 },
        "end": { "line": null, "column": -1 }
      },
      "11": {
        "start": { "line": 26, "column": 4 },
        "end": { "line": null, "column": -1 }
      },
      "12": {
        "start": { "line": 29, "column": 8 },
        "end": { "line": null, "column": -1 }
      },
      "13": {
        "start": { "line": 32, "column": 8 },
        "end": { "line": null, "column": -1 }
      },
      "14": {
        "start": { "line": 37, "column": 6 },
        "end": { "line": 36, "column": 4 }
      },
      "15": {
        "start": { "line": 39, "column": 4 },
        "end": { "line": null, "column": -1 }
      },
      "16": {
        "start": { "line": 41, "column": 25 },
        "end": { "line": 40, "column": 6 }
      },
      "17": {
        "start": { "line": 60, "column": 2 },
        "end": { "line": null, "column": -1 }
      },
      "18": {
        "start": { "line": 66, "column": 2 },
        "end": { "line": null, "column": -1 }
      }
    },
    "fnMap": {
      "0": {
        "name": "(anonymous_2)",
        "decl": {
          "start": { "line": 9, "column": 49 },
          "end": { "line": null, "column": -1 }
        },
        "loc": {
          "start": { "line": 9, "column": 49 },
          "end": { "line": null, "column": -1 }
        }
      },
      "1": {
        "name": "(anonymous_3)",
        "decl": {
          "start": { "line": 16, "column": 17 },
          "end": { "line": 16, "column": 31 }
        },
        "loc": {
          "start": { "line": 16, "column": 32 },
          "end": { "line": 9, "column": 49 }
        }
      },
      "2": {
        "name": "(anonymous_4)",
        "decl": {
          "start": { "line": 17, "column": 49 },
          "end": { "line": 17, "column": 54 }
        },
        "loc": {
          "start": { "line": 17, "column": 55 },
          "end": { "line": 17, "column": 33 }
        }
      },
      "3": {
        "name": "(anonymous_5)",
        "decl": {
          "start": { "line": 20, "column": 8 },
          "end": { "line": 20, "column": 22 }
        },
        "loc": {
          "start": { "line": 20, "column": 23 },
          "end": { "line": 19, "column": 32 }
        }
      },
      "4": {
        "name": "(anonymous_6)",
        "decl": {
          "start": { "line": 28, "column": 12 },
          "end": { "line": 28, "column": 17 }
        },
        "loc": {
          "start": { "line": 28, "column": 18 },
          "end": { "line": 26, "column": 4 }
        }
      },
      "5": {
        "name": "(anonymous_7)",
        "decl": {
          "start": { "line": 31, "column": 13 },
          "end": { "line": 31, "column": 18 }
        },
        "loc": {
          "start": { "line": 31, "column": 19 },
          "end": { "line": 26, "column": 4 }
        }
      },
      "6": {
        "name": "(anonymous_8)",
        "decl": {
          "start": { "line": 35, "column": 2 },
          "end": { "line": 35, "column": 10 }
        },
        "loc": {
          "start": { "line": 35, "column": 11 },
          "end": { "line": 56, "column": 3 }
        }
      },
      "7": {
        "name": "(anonymous_9)",
        "decl": {
          "start": { "line": 41, "column": 19 },
          "end": { "line": 41, "column": 24 }
        },
        "loc": {
          "start": { "line": 41, "column": 25 },
          "end": { "line": 40, "column": 6 }
        }
      },
      "8": {
        "name": "mapStateToProps",
        "decl": {
          "start": { "line": 59, "column": 9 },
          "end": { "line": 59, "column": 0 }
        },
        "loc": {
          "start": { "line": 59, "column": 32 },
          "end": { "line": 63, "column": 1 }
        }
      },
      "9": {
        "name": "mapDispatchToProps",
        "decl": {
          "start": { "line": 65, "column": 9 },
          "end": { "line": 65, "column": 0 }
        },
        "loc": {
          "start": { "line": 65, "column": 38 },
          "end": { "line": 69, "column": 1 }
        }
      }
    },
    "branchMap": {},
    "s": {
      "0": 0,
      "1": 0,
      "2": 0,
      "3": 0,
      "4": 0,
      "5": 0,
      "6": 0,
      "7": 0,
      "8": 0,
      "9": 0,
      "10": 0,
      "11": 0,
      "12": 0,
      "13": 0,
      "14": 0,
      "15": 0,
      "16": 0,
      "17": 0,
      "18": 0
    },
    "f": {
      "0": 0,
      "1": 0,
      "2": 0,
      "3": 0,
      "4": 0,
      "5": 0,
      "6": 0,
      "7": 0,
      "8": 0,
      "9": 0
    },
    "b": {}
  },
  "/Users/joeynguyen/git/projects/spendless/src/account/FileUpload.jsx": {
    "path":
      "/Users/joeynguyen/git/projects/spendless/src/account/FileUpload.jsx",
    "statementMap": {
      "0": {
        "start": { "line": 1, "column": 0 },
        "end": { "line": null, "column": -1 }
      },
      "1": {
        "start": { "line": 2, "column": 0 },
        "end": { "line": null, "column": -1 }
      },
      "2": {
        "start": { "line": 3, "column": 0 },
        "end": { "line": null, "column": -1 }
      },
      "3": {
        "start": { "line": 4, "column": 0 },
        "end": { "line": null, "column": -1 }
      },
      "4": {
        "start": { "line": 5, "column": 0 },
        "end": { "line": null, "column": -1 }
      },
      "5": {
        "start": { "line": 6, "column": 0 },
        "end": { "line": null, "column": -1 }
      },
      "6": {
        "start": { "line": 7, "column": 0 },
        "end": { "line": null, "column": -1 }
      },
      "7": {
        "start": { "line": 8, "column": 0 },
        "end": { "line": null, "column": -1 }
      },
      "8": {
        "start": { "line": 10, "column": 35 },
        "end": { "line": null, "column": -1 }
      },
      "9": {
        "start": { "line": 32, "column": 4 },
        "end": { "line": 41, "column": 5 }
      },
      "10": {
        "start": { "line": 33, "column": 6 },
        "end": { "line": null, "column": -1 }
      },
      "11": {
        "start": { "line": 35, "column": 10 },
        "end": { "line": null, "column": -1 }
      },
      "12": {
        "start": { "line": 36, "column": 10 },
        "end": { "line": null, "column": -1 }
      },
      "13": {
        "start": { "line": 39, "column": 10 },
        "end": { "line": null, "column": -1 }
      },
      "14": {
        "start": { "line": 44, "column": 4 },
        "end": { "line": null, "column": -1 }
      },
      "15": {
        "start": { "line": 45, "column": 4 },
        "end": { "line": null, "column": -1 }
      },
      "16": {
        "start": { "line": 22, "column": 4 },
        "end": { "line": 28, "column": 5 }
      },
      "17": {
        "start": { "line": 27, "column": 6 },
        "end": { "line": null, "column": -1 }
      },
      "18": {
        "start": { "line": 48, "column": 32 },
        "end": { "line": 48, "column": 4 }
      },
      "19": {
        "start": { "line": 69, "column": 4 },
        "end": { "line": null, "column": -1 }
      },
      "20": {
        "start": { "line": 84, "column": 2 },
        "end": { "line": null, "column": -1 }
      },
      "21": {
        "start": { "line": 90, "column": 2 },
        "end": { "line": null, "column": -1 }
      }
    },
    "fnMap": {
      "0": {
        "name": "(anonymous_2)",
        "decl": {
          "start": { "line": 10, "column": 35 },
          "end": { "line": null, "column": -1 }
        },
        "loc": {
          "start": { "line": 10, "column": 35 },
          "end": { "line": null, "column": -1 }
        }
      },
      "1": {
        "name": "(anonymous_3)",
        "decl": {
          "start": { "line": 30, "column": 15 },
          "end": { "line": 30, "column": 23 }
        },
        "loc": {
          "start": { "line": 30, "column": 24 },
          "end": { "line": 10, "column": 35 }
        }
      },
      "2": {
        "name": "(anonymous_4)",
        "decl": {
          "start": { "line": 34, "column": 14 },
          "end": { "line": 34, "column": 20 }
        },
        "loc": {
          "start": { "line": 34, "column": 21 },
          "end": { "line": 33, "column": 6 }
        }
      },
      "3": {
        "name": "(anonymous_5)",
        "decl": {
          "start": { "line": 38, "column": 15 },
          "end": { "line": 38, "column": 21 }
        },
        "loc": {
          "start": { "line": 38, "column": 22 },
          "end": { "line": 33, "column": 6 }
        }
      },
      "4": {
        "name": "(anonymous_6)",
        "decl": {
          "start": { "line": 43, "column": 23 },
          "end": { "line": 43, "column": 28 }
        },
        "loc": {
          "start": { "line": 43, "column": 29 },
          "end": { "line": 10, "column": 35 }
        }
      },
      "5": {
        "name": "(anonymous_7)",
        "decl": {
          "start": { "line": 21, "column": 2 },
          "end": { "line": 21, "column": 34 }
        },
        "loc": {
          "start": { "line": 21, "column": 46 },
          "end": { "line": 29, "column": 3 }
        }
      },
      "6": {
        "name": "(anonymous_8)",
        "decl": {
          "start": { "line": 47, "column": 2 },
          "end": { "line": 47, "column": 10 }
        },
        "loc": {
          "start": { "line": 47, "column": 11 },
          "end": { "line": 80, "column": 3 }
        }
      },
      "7": {
        "name": "mapStateToProps",
        "decl": {
          "start": { "line": 83, "column": 9 },
          "end": { "line": 83, "column": 0 }
        },
        "loc": {
          "start": { "line": 83, "column": 32 },
          "end": { "line": 87, "column": 1 }
        }
      },
      "8": {
        "name": "mapDispatchToProps",
        "decl": {
          "start": { "line": 89, "column": 9 },
          "end": { "line": 89, "column": 0 }
        },
        "loc": {
          "start": { "line": 89, "column": 38 },
          "end": { "line": 93, "column": 1 }
        }
      }
    },
    "branchMap": {
      "0": {
        "loc": {
          "start": { "line": 32, "column": 4 },
          "end": { "line": 41, "column": 5 }
        },
        "type": "if",
        "locations": [
          {
            "start": { "line": 32, "column": 4 },
            "end": { "line": 41, "column": 5 }
          },
          {
            "start": { "line": 32, "column": 4 },
            "end": { "line": 41, "column": 5 }
          }
        ]
      },
      "1": {
        "loc": {
          "start": { "line": 22, "column": 4 },
          "end": { "line": 28, "column": 5 }
        },
        "type": "if",
        "locations": [
          {
            "start": { "line": 22, "column": 4 },
            "end": { "line": 28, "column": 5 }
          },
          {
            "start": { "line": 22, "column": 4 },
            "end": { "line": 28, "column": 5 }
          }
        ]
      },
      "2": {
        "loc": {
          "start": { "line": 23, "column": 6 },
          "end": { "line": 23, "column": 5 }
        },
        "type": "binary-expr",
        "locations": [
          {
            "start": { "line": 23, "column": 6 },
            "end": { "line": 23, "column": 5 }
          },
          {
            "start": { "line": 25, "column": 6 },
            "end": { "line": 22, "column": 4 }
          }
        ]
      },
      "3": {
        "loc": {
          "start": { "line": 49, "column": 6 },
          "end": { "line": 48, "column": 32 }
        },
        "type": "cond-expr",
        "locations": [
          {
            "start": { "line": 49, "column": 6 },
            "end": { "line": 48, "column": 32 }
          },
          {
            "start": { "line": 68, "column": 8 },
            "end": { "line": 48, "column": 4 }
          }
        ]
      }
    },
    "s": {
      "0": 0,
      "1": 0,
      "2": 0,
      "3": 0,
      "4": 0,
      "5": 0,
      "6": 0,
      "7": 0,
      "8": 0,
      "9": 0,
      "10": 0,
      "11": 0,
      "12": 0,
      "13": 0,
      "14": 0,
      "15": 0,
      "16": 0,
      "17": 0,
      "18": 0,
      "19": 0,
      "20": 0,
      "21": 0
    },
    "f": {
      "0": 0,
      "1": 0,
      "2": 0,
      "3": 0,
      "4": 0,
      "5": 0,
      "6": 0,
      "7": 0,
      "8": 0
    },
    "b": { "0": [0, 0], "1": [0, 0], "2": [0, 0], "3": [0, 0] }
  },
  "/Users/joeynguyen/git/projects/spendless/src/account/ManageTransaction.jsx": {
    "path":
      "/Users/joeynguyen/git/projects/spendless/src/account/ManageTransaction.jsx",
    "statementMap": {
      "0": {
        "start": { "line": 5, "column": 17 },
        "end": { "line": 5, "column": 26 }
      },
      "1": {
        "start": { "line": 6, "column": 21 },
        "end": { "line": 6, "column": 26 }
      },
      "2": {
        "start": { "line": 20, "column": 4 },
        "end": { "line": 20, "column": 17 }
      },
      "3": {
        "start": { "line": 21, "column": 4 },
        "end": { "line": 21, "column": 71 }
      },
      "4": {
        "start": { "line": 25, "column": 4 },
        "end": { "line": 25, "column": 23 }
[...]
        "decl": {
          "start": { "line": 123, "column": 33 },
          "end": { "line": 123, "column": 24 }
        },
        "loc": {
          "start": { "line": 123, "column": 42 },
          "end": { "line": 123, "column": 4 }
        }
      },
      "9": {
        "name": "(anonymous_10)",
        "decl": {
          "start": { "line": 129, "column": 34 },
          "end": { "line": 129, "column": 35 }
        },
        "loc": {
          "start": { "line": 129, "column": 46 },
          "end": { "line": 129, "column": 24 }
        }
      },
      "10": {
        "name": "(anonymous_11)",
        "decl": {
          "start": { "line": 154, "column": 15 },
          "end": { "line": 154, "column": 22 }
        },
        "loc": {
          "start": { "line": 154, "column": 23 },
          "end": { "line": 148, "column": 31 }
        }
      },
      "11": {
        "name": "(anonymous_12)",
        "decl": {
          "start": { "line": 158, "column": 52 },
          "end": { "line": 159, "column": 9 }
        },
        "loc": {
          "start": { "line": 159, "column": 10 },
          "end": { "line": 158, "column": 32 }
        }
      },
      "12": {
        "name": "(anonymous_13)",
        "decl": {
          "start": { "line": 162, "column": 51 },
          "end": { "line": 162, "column": 52 }
        },
        "loc": {
          "start": { "line": 163, "column": 10 },
          "end": { "line": 162, "column": 26 }
        }
      }
    },
    "branchMap": {
      "0": {
        "loc": {
          "start": { "line": 22, "column": 4 },
          "end": { "line": 24, "column": 5 }
        },
        "type": "if",
        "locations": [
          {
            "start": { "line": 22, "column": 4 },
            "end": { "line": 24, "column": 5 }
          },
          {
            "start": { "line": 22, "column": 4 },
            "end": { "line": 24, "column": 5 }
          }
        ]
      },
      "1": {
        "loc": {
          "start": { "line": 52, "column": 2 },
          "end": { "line": 54, "column": 3 }
        },
        "type": "if",
        "locations": [
          {
            "start": { "line": 52, "column": 2 },
            "end": { "line": 54, "column": 3 }
          },
          {
            "start": { "line": 52, "column": 2 },
            "end": { "line": 54, "column": 3 }
          }
        ]
      },
      "2": {
        "loc": {
          "start": { "line": 57, "column": 2 },
          "end": { "line": 61, "column": 3 }
        },
        "type": "if",
        "locations": [
          {
            "start": { "line": 57, "column": 2 },
            "end": { "line": 61, "column": 3 }
          },
          {
            "start": { "line": 57, "column": 2 },
            "end": { "line": 61, "column": 3 }
          }
        ]
      },
      "3": {
        "loc": {
          "start": { "line": 59, "column": 9 },
          "end": { "line": 61, "column": 3 }
        },
        "type": "if",
        "locations": [
          {
            "start": { "line": 59, "column": 9 },
            "end": { "line": 61, "column": 3 }
          },
          {
            "start": { "line": 59, "column": 9 },
            "end": { "line": 61, "column": 3 }
          }
        ]
      },
      "4": {
        "loc": {
          "start": { "line": 64, "column": 2 },
          "end": { "line": 66, "column": 3 }
        },
        "type": "if",
        "locations": [
          {
            "start": { "line": 64, "column": 2 },
            "end": { "line": 66, "column": 3 }
          },
          {
            "start": { "line": 64, "column": 2 },
            "end": { "line": 66, "column": 3 }
          }
        ]
      },
      "5": {
        "loc": {
          "start": { "line": 64, "column": 6 },
          "end": { "line": 64, "column": 5 }
        },
        "type": "binary-expr",
        "locations": [
          {
            "start": { "line": 64, "column": 6 },
            "end": { "line": 64, "column": 5 }
          },
          {
            "start": { "line": 64, "column": 51 },
            "end": { "line": 64, "column": 2 }
          }
        ]
      },
      "6": {
        "loc": {
          "start": { "line": 69, "column": 2 },
          "end": { "line": 71, "column": 3 }
        },
        "type": "if",
        "locations": [
          {
            "start": { "line": 69, "column": 2 },
            "end": { "line": 71, "column": 3 }
          },
          {
            "start": { "line": 69, "column": 2 },
            "end": { "line": 71, "column": 3 }
          }
        ]
      },
      "7": {
        "loc": {
          "start": { "line": 69, "column": 6 },
          "end": { "line": 69, "column": 5 }
        },
        "type": "binary-expr",
        "locations": [
          {
            "start": { "line": 69, "column": 6 },
            "end": { "line": 69, "column": 5 }
          },
          {
            "start": { "line": 69, "column": 33 },
            "end": { "line": 69, "column": 2 }
          }
        ]
      },
      "8": {
        "loc": {
          "start": { "line": 86, "column": 14 },
          "end": { "line": 86, "column": 13 }
        },
        "type": "binary-expr",
        "locations": [
          {
            "start": { "line": 86, "column": 14 },
            "end": { "line": 86, "column": 13 }
          },
          {
            "start": { "line": 86, "column": 38 },
            "end": { "line": 80, "column": 9 }
          }
        ]
      },
      "9": {
        "loc": {
          "start": { "line": 88, "column": 17 },
          "end": { "line": 88, "column": 16 }
        },
        "type": "binary-expr",
        "locations": [
          {
            "start": { "line": 88, "column": 17 },
            "end": { "line": 88, "column": 16 }
          },
          {
            "start": { "line": 88, "column": 44 },
            "end": { "line": 80, "column": 9 }
          }
        ]
      },
      "10": {
        "loc": {
          "start": { "line": 90, "column": 11 },
          "end": { "line": 90, "column": 10 }
        },
        "type": "binary-expr",
        "locations": [
          {
            "start": { "line": 90, "column": 11 },
            "end": { "line": 90, "column": 10 }
          },
          {
            "start": { "line": 90, "column": 32 },
            "end": { "line": null, "column": -1 }
          }
        ]
      },
      "11": {
        "loc": {
          "start": { "line": 99, "column": 4 },
          "end": { "line": 100, "column": 3 }
        },
        "type": "binary-expr",
        "locations": [
          {
            "start": { "line": 99, "column": 4 },
            "end": { "line": 100, "column": 3 }
          },
          {
            "start": { "line": 100, "column": 4 },
            "end": { "line": 99, "column": 4 }
          },
          {
            "start": { "line": 101, "column": 5 },
            "end": { "line": 102, "column": 6 }
          },
          {
            "start": { "line": 102, "column": 7 },
            "end": { "line": 102, "column": 35 }
          },
          {
            "start": { "line": 102, "column": 36 },
            "end": { "line": 99, "column": 4 }
          }
        ]
      },
      "12": {
        "loc": {
          "start": { "line": 108, "column": 2 },
          "end": { "line": 114, "column": 3 }
        },
        "type": "if",
        "locations": [
          {
            "start": { "line": 108, "column": 2 },
            "end": { "line": 114, "column": 3 }
          },
          {
            "start": { "line": 108, "column": 2 },
            "end": { "line": 114, "column": 3 }
          }
        ]
      },
      "13": {
        "loc": {
          "start": { "line": 110, "column": 9 },
          "end": { "line": 114, "column": 3 }
        },
        "type": "if",
        "locations": [
          {
            "start": { "line": 110, "column": 9 },
            "end": { "line": 114, "column": 3 }
          },
          {
            "start": { "line": 110, "column": 9 },
            "end": { "line": 114, "column": 3 }
          }
        ]
      },
      "14": {
        "loc": {
          "start": { "line": 130, "column": 8 },
          "end": { "line": 133, "column": 9 }
        },
        "type": "if",
        "locations": [
          {
            "start": { "line": 130, "column": 8 },
            "end": { "line": 133, "column": 9 }
          },
          {
            "start": { "line": 130, "column": 8 },
            "end": { "line": 133, "column": 9 }
          }
        ]
      },
      "15": {
        "loc": {
          "start": { "line": 137, "column": 6 },
          "end": { "line": 172, "column": 7 }
        },
        "type": "if",
        "locations": [
          {
            "start": { "line": 137, "column": 6 },
            "end": { "line": 172, "column": 7 }
          },
          {
            "start": { "line": 137, "column": 6 },
            "end": { "line": 172, "column": 7 }
          }
        ]
      }
    },
    "s": {
      "0": 0,
      "1": 0,
      "2": 0,
      "3": 0,
      "4": 0,
      "5": 0,
      "6": 0,
      "7": 0,
      "8": 0,
      "9": 0,
      "10": 0,
      "11": 0,
      "12": 0,
      "13": 0,
      "14": 0,
      "15": 0,
      "16": 0,
      "17": 0,
      "18": 0,
      "19": 0,
      "20": 0,
      "21": 0,
      "22": 0,
      "23": 0,
      "24": 0,
      "25": 0,
      "26": 0,
      "27": 0,
      "28": 0,
      "29": 0,
      "30": 0,
      "31": 0,
      "32": 0,
      "33": 0,
      "34": 0,
      "35": 0,
      "36": 0,
      "37": 0,
      "38": 0,
      "39": 0,
      "40": 0,
      "41": 0,
      "42": 0,
      "43": 0,
      "44": 0,
      "45": 0,
      "46": 0,
      "47": 0,
      "48": 0,
      "49": 0,
      "50": 0,
      "51": 0,
      "52": 0
    },
    "f": {
      "0": 0,
      "1": 0,
      "2": 0,
      "3": 0,
      "4": 0,
      "5": 0,
      "6": 0,
      "7": 0,
      "8": 0,
      "9": 0,
      "10": 0,
      "11": 0,
      "12": 0
    },
    "b": {
      "0": [0, 0],
      "1": [0, 0],
      "2": [0, 0],
      "3": [0, 0],
      "4": [0, 0],
      "5": [0, 0],
      "6": [0, 0],
      "7": [0, 0],
      "8": [0, 0],
      "9": [0, 0],
      "10": [0, 0],
      "11": [0, 0, 0, 0, 0],
      "12": [0, 0],
      "13": [0, 0],
      "14": [0, 0],
      "15": [0, 0]
    }
  },
  "/Users/joeynguyen/git/projects/spendless/src/utils/helpers.js": {
    "path": "/Users/joeynguyen/git/projects/spendless/src/utils/helpers.js",
    "statementMap": {
      "0": {
        "start": { "line": 4, "column": 19 },
        "end": { "line": 4, "column": 25 }
      },
      "1": {
        "start": { "line": 6, "column": 29 },
        "end": { "line": 16, "column": 1 }
      },
      "2": {
        "start": { "line": 6, "column": 40 },
        "end": { "line": 16, "column": 1 }
      },
      "3": {
        "start": { "line": 8, "column": 4 },
        "end": { "line": 14, "column": 13 }
      },
      "4": {
        "start": { "line": 18, "column": 33 },
        "end": { "line": 28, "column": 1 }
      },
      "5": {
        "start": { "line": 18, "column": 44 },
        "end": { "line": 28, "column": 1 }
      },
      "6": {
        "start": { "line": 20, "column": 4 },
        "end": { "line": 26, "column": 13 }
      }
    },
    "fnMap": {
      "0": {
        "name": "(anonymous_0)",
        "decl": {
          "start": { "line": 6, "column": 29 },
          "end": { "line": 6, "column": 30 }
        },
        "loc": {
          "start": { "line": 6, "column": 40 },
          "end": { "line": 16, "column": 1 }
        },
        "line": 6
      },
      "1": {
        "name": "(anonymous_1)",
        "decl": {
          "start": { "line": 7, "column": 7 },
          "end": { "line": 7, "column": 8 }
        },
        "loc": {
          "start": { "line": 8, "column": 4 },
          "end": { "line": 14, "column": 13 }
        },
        "line": 8
      },
      "2": {
        "name": "(anonymous_2)",
        "decl": {
          "start": { "line": 18, "column": 33 },
          "end": { "line": 18, "column": 34 }
        },
        "loc": {
          "start": { "line": 18, "column": 44 },
          "end": { "line": 28, "column": 1 }
        },
        "line": 18
      },
      "3": {
        "name": "(anonymous_3)",
        "decl": {
          "start": { "line": 19, "column": 7 },
          "end": { "line": 19, "column": 8 }
        },
        "loc": {
          "start": { "line": 20, "column": 4 },
          "end": { "line": 26, "column": 13 }
        },
        "line": 20
      }
    },
    "branchMap": {},
    "s": { "0": 6, "1": 6, "2": 0, "3": 0, "4": 6, "5": 0, "6": 0 },
    "f": { "0": 0, "1": 0, "2": 0, "3": 0 },
    "b": {},
    "_coverageSchema": "332fd63041d2c1bcb487cc26dd0d5f7d97098a6c",
    "hash": "e58988898bacaf5a30bf5eac57104840820b088f"
  },
  "/Users/joeynguyen/git/projects/spendless/src/utils/icons.ts": {
    "path": "/Users/joeynguyen/git/projects/spendless/src/utils/icons.ts",
    "statementMap": {
      "0": {
        "start": { "line": 1, "column": 29 },
        "end": { "line": 14, "column": 1 }
      },
      "1": {
        "start": { "line": 3, "column": 2 },
        "end": { "line": 12, "column": 3 }
      },
      "2": {
        "start": { "line": 5, "column": 6 },
        "end": { "line": 5, "column": 29 }
      },
      "3": {
        "start": { "line": 6, "column": 6 },
        "end": { "line": 6, "column": 12 }
      },
      "4": {
        "start": { "line": 8, "column": 6 },
        "end": { "line": 8, "column": 37 }
      },
      "5": {
        "start": { "line": 9, "column": 6 },
        "end": { "line": 9, "column": 12 }
      },
      "6": {
        "start": { "line": 11, "column": 6 },
        "end": { "line": 11, "column": 62 }
      },
      "7": {
        "start": { "line": 13, "column": 2 },
        "end": { "line": 13, "column": 20 }
      }
    },
    "fnMap": {
      "0": {
        "name": "(anonymous_0)",
        "decl": {
          "start": { "line": 1, "column": 29 },
          "end": { "line": 1, "column": 29 }
        },
        "loc": {
          "start": { "line": 1, "column": 40 },
          "end": { "line": 14, "column": 1 }
        }
      }
    },
    "branchMap": {
      "0": {
        "loc": {
          "start": { "line": 4, "column": 4 },
          "end": { "line": 6, "column": 12 }
        },
        "type": "switch",
        "locations": [
          {
            "start": { "line": 4, "column": 4 },
            "end": { "line": 6, "column": 12 }
          },
          {
            "start": { "line": 7, "column": 4 },
            "end": { "line": 9, "column": 12 }
          },
          {
            "start": { "line": 10, "column": 4 },
            "end": { "line": 11, "column": 62 }
          }
        ]
      }
    },
    "s": { "0": 1, "1": 7, "2": 1, "3": 1, "4": 1, "5": 1, "6": 5, "7": 7 },
    "f": { "0": 7 },
    "b": { "0": [1, 1, 5] }
  },
  "/Users/joeynguyen/git/projects/spendless/src/utils/strings.js": {
    "path": "/Users/joeynguyen/git/projects/spendless/src/utils/strings.js",
    "statementMap": {
      "0": {
        "start": { "line": 2, "column": 2 },
        "end": { "line": null, "column": -1 }
      },
      "1": {
        "start": { "line": 8, "column": 16 },
        "end": { "line": 8, "column": 2 }
      },
      "2": {
        "start": { "line": 9, "column": 2 },
        "end": { "line": 11, "column": 3 }
      },
      "3": {
        "start": { "line": 10, "column": 4 },
        "end": { "line": null, "column": -1 }
      },
      "4": {
        "start": { "line": 12, "column": 2 },
        "end": { "line": null, "column": -1 }
      },
      "5": {
        "start": { "line": 19, "column": 15 },
        "end": { "line": 19, "column": 2 }
      },
      "6": {
        "start": { "line": 20, "column": 2 },
        "end": { "line": null, "column": -1 }
      },
      "7": {
        "start": { "line": 21, "column": 2 },
        "end": { "line": null, "column": -1 }
      },
      "8": {
        "start": { "line": 25, "column": 15 },
        "end": { "line": 25, "column": 2 }
      },
      "9": {
        "start": { "line": 27, "column": 2 },
        "end": { "line": 34, "column": 3 }
      },
      "10": {
        "start": { "line": 33, "column": 4 },
        "end": { "line": null, "column": -1 }
      },
      "11": {
        "start": { "line": 36, "column": 2 },
        "end": { "line": null, "column": -1 }
      },
      "12": {
        "start": { "line": 40, "column": 2 },
        "end": { "line": null, "column": -1 }
      }
    },
    "fnMap": {
      "0": {
        "name": "removeCommas",
        "decl": {
          "start": { "line": 1, "column": 9 },
          "end": { "line": 1, "column": 0 }
        },
        "loc": {
          "start": { "line": 1, "column": 27 },
          "end": { "line": 3, "column": 1 }
        }
      },
      "1": {
        "name": "getOnlyNumberPortion",
        "decl": {
          "start": { "line": 6, "column": 9 },
          "end": { "line": 6, "column": 0 }
        },
        "loc": {
          "start": { "line": 6, "column": 35 },
          "end": { "line": 13, "column": 1 }
        }
      },
      "2": {
        "name": "convertNumStrToAbsoluteNum",
        "decl": {
          "start": { "line": 18, "column": 16 },
          "end": { "line": 18, "column": 7 }
        },
        "loc": {
          "start": { "line": 18, "column": 48 },
          "end": { "line": 22, "column": 1 }
        }
      },
      "3": {
        "name": "convertNumStrToValidNum",
        "decl": {
          "start": { "line": 24, "column": 16 },
          "end": { "line": 24, "column": 7 }
        },
        "loc": {
          "start": { "line": 24, "column": 45 },
          "end": { "line": 37, "column": 1 }
        }
      },
      "4": {
        "name": "trimMultipleSpaces",
        "decl": {
          "start": { "line": 39, "column": 16 },
          "end": { "line": 39, "column": 7 }
        },
        "loc": {
          "start": { "line": 39, "column": 40 },
          "end": { "line": 42, "column": 1 }
        }
      }
    },
    "branchMap": {
      "0": {
        "loc": {
          "start": { "line": 9, "column": 2 },
          "end": { "line": 11, "column": 3 }
        },
        "type": "if",
        "locations": [
          {
            "start": { "line": 9, "column": 2 },
            "end": { "line": 11, "column": 3 }
          },
          {
            "start": { "line": 9, "column": 2 },
            "end": { "line": 11, "column": 3 }
          }
        ]
      },
      "1": {
        "loc": {
          "start": { "line": 27, "column": 2 },
          "end": { "line": 34, "column": 3 }
        },
        "type": "if",
        "locations": [
          {
            "start": { "line": 27, "column": 2 },
            "end": { "line": 34, "column": 3 }
          },
          {
            "start": { "line": 27, "column": 2 },
            "end": { "line": 34, "column": 3 }
          }
        ]
      },
      "2": {
        "loc": {
          "start": { "line": 28, "column": 4 },
          "end": { "line": 29, "column": 4 }
        },
        "type": "binary-expr",
        "locations": [
          {
            "start": { "line": 28, "column": 4 },
            "end": { "line": 29, "column": 4 }
          },
          {
            "start": { "line": 29, "column": 5 },
            "end": { "line": 29, "column": 27 }
          },
          {
            "start": { "line": 29, "column": 28 },
            "end": { "line": 27, "column": 2 }
          }
        ]
      }
    },
    "s": {
      "0": 0,
      "1": 0,
      "2": 0,
      "3": 0,
      "4": 0,
      "5": 0,
      "6": 0,
      "7": 0,
      "8": 0,
      "9": 0,
      "10": 0,
      "11": 0,
      "12": 0
    },
    "f": { "0": 0, "1": 0, "2": 0, "3": 0, "4": 0 },
    "b": { "0": [0, 0], "1": [0, 0], "2": [0, 0, 0] }
  }
}
