TN:
SF:/Users/joeynguyen/git/projects/spendless/main.ts
FN:7,(anonymous_13)
FN:22,(anonymous_16)
FN:23,(anonymous_17)
FN:28,(anonymous_18)
FN:29,(anonymous_19)
FN:36,createWindow
FN:61,(anonymous_21)
FN:72,(anonymous_22)
FN:80,(anonymous_25)
FN:88,(anonymous_26)
FNF:10
FNH:0
FNDA:0,(anonymous_13)
FNDA:0,(anonymous_16)
FNDA:0,(anonymous_17)
FNDA:0,(anonymous_18)
FNDA:0,(anonymous_19)
FNDA:0,createWindow
FNDA:0,(anonymous_21)
FNDA:0,(anonymous_22)
FNDA:0,(anonymous_25)
FNDA:0,(anonymous_26)
DA:1,0
DA:2,0
DA:4,0
DA:7,0
DA:8,0
DA:14,0
DA:15,0
DA:21,0
DA:23,0
DA:24,0
DA:28,0
DA:29,0
DA:34,0
DA:38,0
DA:49,0
DA:61,0
DA:65,0
DA:72,0
DA:73,0
DA:74,0
DA:76,0
DA:80,0
DA:83,0
DA:84,0
DA:88,0
DA:91,0
DA:92,0
LF:27
LH:0
BRDA:51,0,0,0
BRDA:51,0,1,0
BRDA:83,1,0,0
BRDA:83,1,1,0
BRDA:91,2,0,0
BRDA:91,2,1,0
BRF:6
BRH:0
end_of_record
TN:
SF:/Users/joeynguyen/git/projects/spendless/src/constants.js
FNF:0
FNH:0
DA:1,6
DA:2,6
DA:4,6
DA:19,6
LF:4
LH:4
BRF:0
BRH:0
end_of_record
TN:
SF:/Users/joeynguyen/git/projects/spendless/src/index.tsx
FNF:0
FNH:0
DA:2,0
DA:3,0
DA:4,0
DA:6,0
DA:8,0
DA:10,0
DA:12,0
DA:13,0
DA:16,0
LF:9
LH:0
BRDA:12,0,0,0
BRDA:12,0,1,0
BRF:2
BRH:0
end_of_record
TN:
SF:/Users/joeynguyen/git/projects/spendless/src/reducers.js
FNF:0
FNH:0
DA:1,0
DA:2,0
DA:3,0
DA:4,0
DA:5,0
DA:6,0
DA:7,0
DA:8,0
DA:9,0
DA:10,0
DA:11,0
DA:12,0
DA:14,0
LF:13
LH:0
BRF:0
BRH:0
end_of_record
TN:
SF:/Users/joeynguyen/git/projects/spendless/src/routes.js
FNF:0
FNH:0
DA:1,0
DA:2,0
DA:3,0
DA:4,0
DA:5,0
DA:6,0
LF:6
LH:0
BRF:0
BRH:0
end_of_record
TN:
SF:/Users/joeynguyen/git/projects/spendless/src/setupTests.ts
FNF:0
FNH:0
DA:4,8
LF:1
LH:1
BRF:0
BRH:0
end_of_record
TN:
SF:/Users/joeynguyen/git/projects/spendless/src/account/AccountDetails.jsx
FN:9,(anonymous_1)
FN:15,(anonymous_2)
FNF:2
FNH:0
FNDA:0,(anonymous_1)
FNDA:0,(anonymous_2)
DA:1,0
DA:2,0
DA:3,0
DA:5,0
DA:6,0
DA:7,0
DA:9,0
DA:14,0
DA:15,0
DA:17,0
DA:18,0
DA:19,0
DA:20,0
DA:23,0
DA:46,0
LF:15
LH:0
BRDA:18,0,0,0
BRDA:18,0,1,0
BRDA:18,1,0,0
BRDA:18,1,1,0
BRF:4
BRH:0
end_of_record
TN:
SF:/Users/joeynguyen/git/projects/spendless/src/account/AccountPage.jsx
FN:11,(anonymous_1)
FNF:1
FNH:0
FNDA:0,(anonymous_1)
DA:1,0
DA:2,0
DA:3,0
DA:5,0
DA:6,0
DA:7,0
DA:8,0
DA:9,0
DA:11,0
DA:21,0
DA:22,0
DA:36,0
DA:39,0
DA:43,0
DA:62,0
LF:15
LH:0
BRDA:21,0,0,0
BRDA:21,0,1,0
BRDA:21,1,0,0
BRDA:21,1,1,0
BRDA:37,2,0,0
BRDA:37,2,1,0
BRDA:40,3,0,0
BRDA:40,3,1,0
BRF:8
BRH:0
end_of_record
TN:
SF:/Users/joeynguyen/git/projects/spendless/src/account/AccountPageContainer.jsx
FN:9,(anonymous_1)
FN:53,(anonymous_2)
FN:72,(anonymous_3)
FN:78,(anonymous_4)
FN:26,(anonymous_5)
FN:31,(anonymous_6)
FN:39,(anonymous_7)
FN:45,(anonymous_8)
FN:85,(anonymous_9)
FN:100,mapStateToProps
FN:111,mapDispatchToProps
FNF:11
FNH:0
FNDA:0,(anonymous_1)
FNDA:0,(anonymous_2)
FNDA:0,(anonymous_3)
FNDA:0,(anonymous_4)
FNDA:0,(anonymous_5)
FNDA:0,(anonymous_6)
FNDA:0,(anonymous_7)
FNDA:0,(anonymous_8)
FNDA:0,(anonymous_9)
FNDA:0,mapStateToProps
FNDA:0,mapDispatchToProps
DA:1,0
DA:2,0
DA:3,0
DA:4,0
DA:5,0
DA:6,0
DA:7,0
DA:9,0
DA:33,0
DA:43,0
DA:45,0
DA:48,0
DA:50,0
DA:54,0
DA:61,0
DA:63,0
DA:67,0
DA:69,0
DA:73,0
DA:75,0
DA:79,0
DA:80,0
DA:82,0
DA:86,0
DA:101,0
DA:112,0
LF:26
LH:0
BRDA:54,0,0,0
BRDA:54,0,1,0
BRDA:55,1,0,0
BRDA:55,1,1,0
BRDA:33,2,0,0
BRDA:33,2,1,0
BRDA:43,3,0,0
BRDA:43,3,1,0
BRF:8
BRH:0
end_of_record
TN:
SF:/Users/joeynguyen/git/projects/spendless/src/account/AccountTransactionsReducer.js
FN:16,(anonymous_1)
FN:34,(anonymous_2)
FN:39,(anonymous_3)
FNF:3
FNH:0
FNDA:0,(anonymous_1)
FNDA:0,(anonymous_2)
FNDA:0,(anonymous_3)
DA:1,0
DA:9,0
DA:11,0
DA:13,0
DA:15,0
DA:16,0
DA:20,0
DA:21,0
DA:25,0
DA:32,0
DA:34,0
DA:38,0
DA:39,0
DA:41,0
DA:47,0
LF:15
LH:0
BRDA:8,0,0,0
BRDA:10,1,0,0
BRDA:10,1,1,0
BRDA:10,1,2,0
BRDA:10,1,3,0
BRDA:10,1,4,0
BRDA:20,2,0,0
BRDA:20,2,1,0
BRDA:32,3,0,0
BRDA:32,3,1,0
BRF:10
BRH:0
end_of_record
TN:
SF:/Users/joeynguyen/git/projects/spendless/src/account/AccountsActions.js
FN:13,loadAccountsSuccess
FN:21,removeAccount
FN:29,updateAccounts
FN:36,toggleUnsavedWarning
FN:42,saveAccount
FN:43,(anonymous_5)
FN:45,(anonymous_6)
FN:50,(anonymous_7)
FN:57,getAccounts
FN:58,(anonymous_9)
FN:60,(anonymous_10)
FN:63,(anonymous_11)
FN:70,deleteAccount
FN:71,(anonymous_13)
FN:73,(anonymous_14)
FN:78,(anonymous_15)
FNF:16
FNH:0
FNDA:0,loadAccountsSuccess
FNDA:0,removeAccount
FNDA:0,updateAccounts
FNDA:0,toggleUnsavedWarning
FNDA:0,saveAccount
FNDA:0,(anonymous_5)
FNDA:0,(anonymous_6)
FNDA:0,(anonymous_7)
FNDA:0,getAccounts
FNDA:0,(anonymous_9)
FNDA:0,(anonymous_10)
FNDA:0,(anonymous_11)
FNDA:0,deleteAccount
FNDA:0,(anonymous_13)
FNDA:0,(anonymous_14)
FNDA:0,(anonymous_15)
DA:7,6
DA:8,6
DA:9,6
DA:10,6
DA:14,0
DA:22,0
DA:30,0
DA:37,0
DA:43,0
DA:44,0
DA:46,0
DA:48,0
DA:51,0
DA:52,0
DA:58,0
DA:59,0
DA:61,0
DA:64,0
DA:65,0
DA:71,0
DA:72,0
DA:74,0
DA:76,0
DA:79,0
DA:80,0
LF:25
LH:4
BRDA:13,0,0,0
BRF:1
BRH:0
end_of_record
TN:
SF:/Users/joeynguyen/git/projects/spendless/src/account/AccountsGroup.jsx
FN:8,renderSubMenu
FN:9,(anonymous_2)
FN:20,(anonymous_3)
FN:36,(anonymous_4)
FN:51,(anonymous_5)
FN:52,(anonymous_6)
FN:67,(anonymous_7)
FNF:7
FNH:0
FNDA:0,renderSubMenu
FNDA:0,(anonymous_2)
FNDA:0,(anonymous_3)
FNDA:0,(anonymous_4)
FNDA:0,(anonymous_5)
FNDA:0,(anonymous_6)
FNDA:0,(anonymous_7)
DA:1,0
DA:2,0
DA:3,0
DA:4,0
DA:9,0
DA:10,0
DA:23,0
DA:24,0
DA:29,0
DA:36,0
DA:37,0
DA:38,0
DA:51,0
DA:52,0
DA:53,0
DA:67,0
DA:68,0
DA:79,0
LF:18
LH:0
BRDA:25,0,0,0
BRDA:25,0,1,0
BRDA:37,1,0,0
BRDA:37,1,1,0
BRF:4
BRH:0
end_of_record
TN:
SF:/Users/joeynguyen/git/projects/spendless/src/account/AccountsGroupContainer.jsx
FN:15,(anonymous_2)
FN:19,(anonymous_3)
FN:31,mapStateToProps
FN:38,mapDispatchToProps
FNF:4
FNH:0
FNDA:0,(anonymous_2)
FNDA:0,(anonymous_3)
FNDA:0,mapStateToProps
FNDA:0,mapDispatchToProps
DA:1,0
DA:2,0
DA:3,0
DA:4,0
DA:5,0
DA:6,0
DA:16,0
DA:20,0
DA:32,0
DA:39,0
LF:10
LH:0
BRF:0
BRH:0
end_of_record
TN:
SF:/Users/joeynguyen/git/projects/spendless/src/account/AccountsReducer.js
FN:13,(anonymous_1)
FN:29,(anonymous_2)
FNF:2
FNH:0
FNDA:0,(anonymous_1)
FNDA:0,(anonymous_2)
DA:1,0
DA:8,0
DA:10,0
DA:12,0
DA:13,0
DA:17,0
DA:18,0
DA:22,0
DA:28,0
DA:29,0
DA:31,0
DA:36,0
LF:12
LH:0
BRDA:7,0,0,0
BRDA:9,1,0,0
BRDA:9,1,1,0
BRDA:9,1,2,0
BRDA:9,1,3,0
BRDA:17,2,0,0
BRDA:17,2,1,0
BRF:7
BRH:0
end_of_record
TN:
SF:/Users/joeynguyen/git/projects/spendless/src/account/ActiveAccountIdReducer.js
FNF:0
FNH:0
DA:2,0
DA:4,0
DA:6,0
DA:8,0
DA:10,0
LF:5
LH:0
BRDA:1,0,0,0
BRDA:3,1,0,0
BRDA:3,1,1,0
BRDA:4,2,0,0
BRDA:4,2,1,0
BRF:5
BRH:0
end_of_record
TN:
SF:/Users/joeynguyen/git/projects/spendless/src/account/ActiveTransactionReducer.js
FNF:0
FNH:0
DA:1,0
DA:4,0
DA:6,0
DA:8,0
LF:4
LH:0
BRDA:3,0,0,0
BRDA:5,1,0,0
BRDA:5,1,1,0
BRF:3
BRH:0
end_of_record
TN:
SF:/Users/joeynguyen/git/projects/spendless/src/account/AddTransactionButton.jsx
FN:8,(anonymous_2)
FN:13,(anonymous_3)
FN:17,(anonymous_4)
FN:26,mapDispatchToProps
FNF:4
FNH:0
FNDA:0,(anonymous_2)
FNDA:0,(anonymous_3)
FNDA:0,(anonymous_4)
FNDA:0,mapDispatchToProps
DA:1,0
DA:2,0
DA:3,0
DA:4,0
DA:5,0
DA:6,0
DA:8,0
DA:14,0
DA:18,0
DA:27,0
LF:10
LH:0
BRF:0
BRH:0
end_of_record
TN:
SF:/Users/joeynguyen/git/projects/spendless/src/account/DeleteTransactionsButton.jsx
FN:9,(anonymous_2)
FN:16,(anonymous_3)
FN:17,(anonymous_4)
FN:20,(anonymous_5)
FN:28,(anonymous_6)
FN:31,(anonymous_7)
FN:35,(anonymous_8)
FN:41,(anonymous_9)
FN:59,mapStateToProps
FN:65,mapDispatchToProps
FNF:10
FNH:0
FNDA:0,(anonymous_2)
FNDA:0,(anonymous_3)
FNDA:0,(anonymous_4)
FNDA:0,(anonymous_5)
FNDA:0,(anonymous_6)
FNDA:0,(anonymous_7)
FNDA:0,(anonymous_8)
FNDA:0,(anonymous_9)
FNDA:0,mapStateToProps
FNDA:0,mapDispatchToProps
DA:1,0
DA:2,0
DA:3,0
DA:4,0
DA:5,0
DA:7,0
DA:9,0
DA:17,0
DA:19,0
DA:20,0
DA:23,0
DA:26,0
DA:29,0
DA:32,0
DA:37,0
DA:39,0
DA:41,0
DA:60,0
DA:66,0
LF:19
LH:0
BRF:0
BRH:0
end_of_record
TN:
SF:/Users/joeynguyen/git/projects/spendless/src/account/FileUpload.jsx
FN:10,(anonymous_2)
FN:30,(anonymous_3)
FN:34,(anonymous_4)
FN:38,(anonymous_5)
FN:43,(anonymous_6)
FN:21,(anonymous_7)
FN:47,(anonymous_8)
FN:83,mapStateToProps
FN:89,mapDispatchToProps
FNF:9
FNH:0
FNDA:0,(anonymous_2)
FNDA:0,(anonymous_3)
FNDA:0,(anonymous_4)
FNDA:0,(anonymous_5)
FNDA:0,(anonymous_6)
FNDA:0,(anonymous_7)
FNDA:0,(anonymous_8)
FNDA:0,mapStateToProps
FNDA:0,mapDispatchToProps
DA:1,0
DA:2,0
DA:3,0
DA:4,0
DA:5,0
DA:6,0
DA:7,0
DA:8,0
DA:10,0
DA:22,0
DA:27,0
DA:32,0
DA:33,0
DA:35,0
DA:36,0
DA:39,0
DA:44,0
DA:45,0
DA:48,0
DA:69,0
DA:84,0
DA:90,0
LF:22
LH:0
BRDA:32,0,0,0
BRDA:32,0,1,0
BRDA:22,1,0,0
BRDA:22,1,1,0
BRDA:23,2,0,0
BRDA:23,2,1,0
BRDA:49,3,0,0
BRDA:49,3,1,0
BRF:8
BRH:0
end_of_record
TN:
SF:/Users/joeynguyen/git/projects/spendless/src/account/ManageTransaction.jsx
FN:19,(anonymous_0)
FN:24,(anonymous_1)
FN:26,(anonymous_2)
FN:57,(anonymous_3)
FN:62,(anonymous_4)
FN:69,(anonymous_5)
FNF:6
FNH:5
FNDA:3,(anonymous_0)
FNDA:1,(anonymous_1)
FNDA:1,(anonymous_2)
FNDA:1,(anonymous_3)
FNDA:0,(anonymous_4)
FNDA:4,(anonymous_5)
DA:5,1
DA:6,1
DA:20,3
DA:21,3
DA:25,1
DA:26,1
DA:27,1
DA:29,1
DA:31,1
DA:33,1
DA:42,0
DA:55,1
DA:58,1
DA:60,1
DA:63,0
DA:70,4
DA:72,4
DA:118,1
DA:120,3
LF:19
LH:17
BRDA:27,0,0,1
BRDA:27,0,1,0
BRDA:31,1,0,1
BRDA:31,1,1,0
BRF:4
BRH:2
end_of_record
TN:
SF:/Users/joeynguyen/git/projects/spendless/src/account/ManageTransactionContainer.jsx
FN:20,(anonymous_2)
FN:70,mapStateToProps
FN:105,mapDispatchToProps
FNF:3
FNH:0
FNDA:0,(anonymous_2)
FNDA:0,mapStateToProps
FNDA:0,mapDispatchToProps
DA:1,0
DA:2,0
DA:3,0
DA:4,0
DA:5,0
DA:6,0
DA:7,0
DA:8,0
DA:20,0
DA:24,0
DA:25,0
DA:27,0
DA:28,0
DA:47,0
DA:71,0
DA:79,0
DA:86,0
DA:87,0
DA:88,0
DA:96,0
DA:106,0
LF:21
LH:0
BRDA:25,0,0,0
BRDA:25,0,1,0
BRDA:27,1,0,0
BRDA:27,1,1,0
BRDA:79,2,0,0
BRDA:79,2,1,0
BRF:6
BRH:0
end_of_record
TN:
SF:/Users/joeynguyen/git/projects/spendless/src/account/ManageTransactionVisibleReducer.js
FNF:0
FNH:0
DA:1,0
DA:4,0
DA:6,0
DA:8,0
LF:4
LH:0
BRDA:3,0,0,0
BRDA:5,1,0,0
BRDA:5,1,1,0
BRF:3
BRH:0
end_of_record
TN:
SF:/Users/joeynguyen/git/projects/spendless/src/account/TransactionsActions.js
FN:12,loadAccountTransactions
FN:20,updateAccountTransactions
FN:27,getAccountTransactions
FN:28,(anonymous_4)
FN:30,(anonymous_5)
FN:33,(anonymous_6)
FN:40,saveAccountTransactions
FN:41,(anonymous_8)
FN:43,(anonymous_9)
FN:48,(anonymous_10)
FN:55,resetAccountTransactions
FN:62,addUploadedTransactions
FN:69,negateUploadedTransactions
FN:75,removeAccountTransactions
FN:82,deleteAccountTransactions
FN:83,(anonymous_16)
FN:85,(anonymous_17)
FN:90,(anonymous_18)
FN:97,resetUploadedTransactions
FN:104,toggleManageTransaction
FNF:20
FNH:0
FNDA:0,loadAccountTransactions
FNDA:0,updateAccountTransactions
FNDA:0,getAccountTransactions
FNDA:0,(anonymous_4)
FNDA:0,(anonymous_5)
FNDA:0,(anonymous_6)
FNDA:0,saveAccountTransactions
FNDA:0,(anonymous_8)
FNDA:0,(anonymous_9)
FNDA:0,(anonymous_10)
FNDA:0,resetAccountTransactions
FNDA:0,addUploadedTransactions
FNDA:0,negateUploadedTransactions
FNDA:0,removeAccountTransactions
FNDA:0,deleteAccountTransactions
FNDA:0,(anonymous_16)
FNDA:0,(anonymous_17)
FNDA:0,(anonymous_18)
FNDA:0,resetUploadedTransactions
FNDA:0,toggleManageTransaction
DA:1,0
DA:3,0
DA:4,0
DA:5,0
DA:6,0
DA:7,0
DA:8,0
DA:9,0
DA:10,0
DA:14,0
DA:21,0
DA:28,0
DA:29,0
DA:31,0
DA:34,0
DA:35,0
DA:41,0
DA:42,0
DA:44,0
DA:46,0
DA:49,0
DA:50,0
DA:56,0
DA:63,0
DA:70,0
DA:76,0
DA:83,0
DA:84,0
DA:86,0
DA:88,0
DA:91,0
DA:92,0
DA:98,0
DA:105,0
LF:34
LH:0
BRDA:104,0,0,0
BRF:1
BRH:0
end_of_record
TN:
SF:/Users/joeynguyen/git/projects/spendless/src/account/TransactionsList.jsx
FN:8,(anonymous_1)
FN:9,(anonymous_2)
FN:18,(anonymous_3)
FN:23,(anonymous_4)
FN:27,(anonymous_5)
FN:32,(anonymous_6)
FN:34,(anonymous_7)
FN:38,(anonymous_8)
FN:41,(anonymous_9)
FN:46,(anonymous_10)
FN:63,(anonymous_11)
FN:73,(anonymous_12)
FN:84,(anonymous_13)
FN:88,(anonymous_14)
FN:94,(anonymous_15)
FN:108,(anonymous_16)
FNF:16
FNH:0
FNDA:0,(anonymous_1)
FNDA:0,(anonymous_2)
FNDA:0,(anonymous_3)
FNDA:0,(anonymous_4)
FNDA:0,(anonymous_5)
FNDA:0,(anonymous_6)
FNDA:0,(anonymous_7)
FNDA:0,(anonymous_8)
FNDA:0,(anonymous_9)
FNDA:0,(anonymous_10)
FNDA:0,(anonymous_11)
FNDA:0,(anonymous_12)
FNDA:0,(anonymous_13)
FNDA:0,(anonymous_14)
FNDA:0,(anonymous_15)
FNDA:0,(anonymous_16)
DA:1,0
DA:2,0
DA:3,0
DA:6,0
DA:8,0
DA:9,0
DA:18,0
DA:24,0
DA:26,0
DA:27,0
DA:29,0
DA:33,0
DA:34,0
DA:36,0
DA:39,0
DA:42,0
DA:47,0
DA:64,0
DA:74,0
DA:85,0
DA:88,0
DA:94,0
DA:107,0
DA:109,0
DA:112,0
DA:114,0
DA:129,0
LF:27
LH:0
BRDA:64,0,0,0
BRDA:64,0,1,0
BRDA:75,1,0,0
BRDA:75,1,1,0
BRF:4
BRH:0
end_of_record
TN:
SF:/Users/joeynguyen/git/projects/spendless/src/account/TransactionsListContainer.jsx
FN:17,(anonymous_2)
FN:24,(anonymous_3)
FN:34,(anonymous_4)
FN:38,(anonymous_5)
FN:49,mapStateToProps
FN:57,mapDispatchToProps
FNF:6
FNH:0
FNDA:0,(anonymous_2)
FNDA:0,(anonymous_3)
FNDA:0,(anonymous_4)
FNDA:0,(anonymous_5)
FNDA:0,mapStateToProps
FNDA:0,mapDispatchToProps
DA:1,0
DA:2,0
DA:3,0
DA:4,0
DA:5,0
DA:6,0
DA:18,0
DA:25,0
DA:26,0
DA:27,0
DA:35,0
DA:39,0
DA:50,0
DA:58,0
LF:14
LH:0
BRDA:25,0,0,0
BRDA:25,0,1,0
BRF:2
BRH:0
end_of_record
TN:
SF:/Users/joeynguyen/git/projects/spendless/src/account/UnsavedWarning.jsx
FN:5,(anonymous_1)
FNF:1
FNH:0
FNDA:0,(anonymous_1)
DA:1,0
DA:2,0
DA:3,0
DA:5,0
DA:10,0
DA:29,0
LF:6
LH:0
BRF:0
BRH:0
end_of_record
TN:
SF:/Users/joeynguyen/git/projects/spendless/src/account/UnsavedWarningVisibleReducer.js
FNF:0
FNH:0
DA:1,0
DA:4,0
DA:6,0
DA:8,0
LF:4
LH:0
BRDA:3,0,0,0
BRDA:5,1,0,0
BRDA:5,1,1,0
BRF:3
BRH:0
end_of_record
TN:
SF:/Users/joeynguyen/git/projects/spendless/src/account/UploadedTransactions.jsx
FN:5,(anonymous_1)
FN:6,(anonymous_2)
FN:30,(anonymous_3)
FN:39,(anonymous_4)
FNF:4
FNH:0
FNDA:0,(anonymous_1)
FNDA:0,(anonymous_2)
FNDA:0,(anonymous_3)
FNDA:0,(anonymous_4)
DA:1,0
DA:2,0
DA:3,0
DA:5,0
DA:6,0
DA:14,0
DA:31,0
DA:39,0
DA:45,0
DA:46,0
DA:65,0
DA:87,0
LF:12
LH:0
BRDA:31,0,0,0
BRDA:31,0,1,0
BRF:2
BRH:0
end_of_record
TN:
SF:/Users/joeynguyen/git/projects/spendless/src/account/UploadedTransactionsContainer.jsx
FN:14,(anonymous_1)
FN:19,(anonymous_2)
FN:22,(anonymous_3)
FN:27,(anonymous_4)
FN:32,(anonymous_5)
FN:46,mapStateToProps
FN:52,mapDispatchToProps
FNF:7
FNH:0
FNDA:0,(anonymous_1)
FNDA:0,(anonymous_2)
FNDA:0,(anonymous_3)
FNDA:0,(anonymous_4)
FNDA:0,(anonymous_5)
FNDA:0,mapStateToProps
FNDA:0,mapDispatchToProps
DA:1,0
DA:2,0
DA:3,0
DA:4,0
DA:5,0
DA:7,0
DA:12,0
DA:14,0
DA:20,0
DA:23,0
DA:25,0
DA:28,0
DA:33,0
DA:47,0
DA:53,0
LF:15
LH:0
BRF:0
BRH:0
end_of_record
TN:
SF:/Users/joeynguyen/git/projects/spendless/src/account/UploadedTransactionsReducer.js
FN:13,(anonymous_1)
FNF:1
FNH:0
FNDA:0,(anonymous_1)
DA:1,0
DA:8,0
DA:10,0
DA:13,0
DA:18,0
DA:21,0
DA:23,0
LF:7
LH:0
BRDA:7,0,0,0
BRDA:9,1,0,0
BRDA:9,1,1,0
BRDA:9,1,2,0
BRDA:9,1,3,0
BRDA:9,1,4,0
BRF:6
BRH:0
end_of_record
TN:
SF:/Users/joeynguyen/git/projects/spendless/src/api/accountsApi.js
FN:9,syncDB
FN:11,(anonymous_1)
FN:14,(anonymous_2)
FN:19,getAccountsFromDB
FN:20,(anonymous_4)
FN:25,(anonymous_5)
FN:27,(anonymous_6)
FN:38,(anonymous_7)
FN:45,saveAccountToDB
FN:46,(anonymous_9)
FN:48,(anonymous_10)
FN:50,(anonymous_11)
FN:54,(anonymous_12)
FN:59,(anonymous_13)
FN:66,deleteAccountFromDB
FN:67,(anonymous_15)
FN:69,(anonymous_16)
FN:73,(anonymous_17)
FNF:18
FNH:0
FNDA:0,syncDB
FNDA:0,(anonymous_1)
FNDA:0,(anonymous_2)
FNDA:0,getAccountsFromDB
FNDA:0,(anonymous_4)
FNDA:0,(anonymous_5)
FNDA:0,(anonymous_6)
FNDA:0,(anonymous_7)
FNDA:0,saveAccountToDB
FNDA:0,(anonymous_9)
FNDA:0,(anonymous_10)
FNDA:0,(anonymous_11)
FNDA:0,(anonymous_12)
FNDA:0,(anonymous_13)
FNDA:0,deleteAccountFromDB
FNDA:0,(anonymous_15)
FNDA:0,(anonymous_16)
FNDA:0,(anonymous_17)
DA:4,6
DA:6,6
DA:7,6
DA:10,0
DA:12,0
DA:15,0
DA:20,0
DA:21,0
DA:26,0
DA:28,0
DA:39,0
DA:40,0
DA:46,0
DA:47,0
DA:49,0
DA:51,0
DA:52,0
DA:55,0
DA:56,0
DA:60,0
DA:61,0
DA:67,0
DA:68,0
DA:70,0
DA:71,0
DA:74,0
DA:75,0
LF:27
LH:3
BRF:0
BRH:0
end_of_record
TN:
SF:/Users/joeynguyen/git/projects/spendless/src/api/transactionsApi.js
FN:9,syncDB
FN:11,(anonymous_2)
FN:17,(anonymous_3)
FN:23,(anonymous_4)
FN:24,(anonymous_5)
FN:31,(anonymous_6)
FN:54,(anonymous_7)
FN:56,(anonymous_8)
FN:71,(anonymous_9)
FN:78,(anonymous_10)
FN:79,(anonymous_11)
FN:83,(anonymous_12)
FN:85,(anonymous_13)
FN:92,(anonymous_14)
FN:95,(anonymous_15)
FN:98,(anonymous_16)
FN:103,(anonymous_17)
FN:110,(anonymous_18)
FN:112,(anonymous_19)
FN:116,(anonymous_20)
FN:121,(anonymous_21)
FN:129,(anonymous_22)
FN:130,(anonymous_23)
FN:133,(anonymous_24)
FN:136,(anonymous_25)
FN:138,(anonymous_26)
FN:144,(anonymous_27)
FN:148,(anonymous_28)
FNF:28
FNH:0
FNDA:0,syncDB
FNDA:0,(anonymous_2)
FNDA:0,(anonymous_3)
FNDA:0,(anonymous_4)
FNDA:0,(anonymous_5)
FNDA:0,(anonymous_6)
FNDA:0,(anonymous_7)
FNDA:0,(anonymous_8)
FNDA:0,(anonymous_9)
FNDA:0,(anonymous_10)
FNDA:0,(anonymous_11)
FNDA:0,(anonymous_12)
FNDA:0,(anonymous_13)
FNDA:0,(anonymous_14)
FNDA:0,(anonymous_15)
FNDA:0,(anonymous_16)
FNDA:0,(anonymous_17)
FNDA:0,(anonymous_18)
FNDA:0,(anonymous_19)
FNDA:0,(anonymous_20)
FNDA:0,(anonymous_21)
FNDA:0,(anonymous_22)
FNDA:0,(anonymous_23)
FNDA:0,(anonymous_24)
FNDA:0,(anonymous_25)
FNDA:0,(anonymous_26)
FNDA:0,(anonymous_27)
FNDA:0,(anonymous_28)
DA:1,0
DA:2,0
DA:4,0
DA:6,0
DA:7,0
DA:10,0
DA:12,0
DA:18,0
DA:24,0
DA:26,0
DA:32,0
DA:55,0
DA:57,0
DA:72,0
DA:73,0
DA:79,0
DA:80,0
DA:82,0
DA:84,0
DA:85,0
DA:88,0
DA:93,0
DA:94,0
DA:95,0
DA:99,0
DA:100,0
DA:104,0
DA:105,0
DA:109,0
DA:111,0
DA:113,0
DA:114,0
DA:117,0
DA:118,0
DA:122,0
DA:123,0
DA:130,0
DA:131,0
DA:132,0
DA:134,0
DA:136,0
DA:139,0
DA:140,0
DA:143,0
DA:145,0
DA:146,0
DA:149,0
DA:150,0
LF:48
LH:0
BRDA:80,0,0,0
BRDA:80,0,1,0
BRDA:131,1,0,0
BRDA:131,1,1,0
BRF:4
BRH:0
end_of_record
TN:
SF:/Users/joeynguyen/git/projects/spendless/src/app/ActiveMonthReducer.js
FNF:0
FNH:0
DA:1,0
DA:4,0
DA:6,0
DA:8,0
LF:4
LH:0
BRDA:3,0,0,0
BRDA:5,1,0,0
BRDA:5,1,1,0
BRF:3
BRH:0
end_of_record
TN:
SF:/Users/joeynguyen/git/projects/spendless/src/app/AppActions.js
FN:4,storeNextRoutePath
FN:11,selectActiveMonth
FNF:2
FNH:0
FNDA:0,storeNextRoutePath
FNDA:0,selectActiveMonth
DA:1,0
DA:2,0
DA:5,0
DA:12,0
LF:4
LH:0
BRF:0
BRH:0
end_of_record
TN:
SF:/Users/joeynguyen/git/projects/spendless/src/app/AppContainer.jsx
FN:21,(anonymous_1)
FNF:1
FNH:0
FNDA:0,(anonymous_1)
DA:1,0
DA:2,0
DA:3,0
DA:4,0
DA:5,0
DA:6,0
DA:7,0
DA:9,0
DA:11,0
DA:22,0
LF:10
LH:0
BRF:0
BRH:0
end_of_record
TN:
SF:/Users/joeynguyen/git/projects/spendless/src/app/Header.jsx
FN:33,(anonymous_1)
FN:34,onMonthChange
FNF:2
FNH:0
FNDA:0,(anonymous_1)
FNDA:0,onMonthChange
DA:1,0
DA:2,0
DA:3,0
DA:4,0
DA:6,0
DA:9,0
DA:28,0
DA:33,0
DA:35,0
DA:38,0
DA:76,0
LF:11
LH:0
BRF:0
BRH:0
end_of_record
TN:
SF:/Users/joeynguyen/git/projects/spendless/src/app/HeaderContainer.jsx
FN:26,(anonymous_1)
FN:32,(anonymous_2)
FN:44,(anonymous_3)
FN:54,(anonymous_4)
FN:69,mapStateToProps
FN:76,mapDispatchToProps
FNF:6
FNH:0
FNDA:0,(anonymous_1)
FNDA:0,(anonymous_2)
FNDA:0,(anonymous_3)
FNDA:0,(anonymous_4)
FNDA:0,mapStateToProps
FNDA:0,mapDispatchToProps
DA:1,0
DA:2,0
DA:3,0
DA:4,0
DA:5,0
DA:7,0
DA:8,0
DA:12,0
DA:13,0
DA:27,0
DA:29,0
DA:33,0
DA:37,0
DA:40,0
DA:45,0
DA:46,0
DA:47,0
DA:55,0
DA:59,0
DA:70,0
DA:77,0
LF:21
LH:0
BRDA:33,0,0,0
BRDA:33,0,1,0
BRDA:45,1,0,0
BRDA:45,1,1,0
BRDA:56,2,0,0
BRDA:56,2,1,0
BRF:6
BRH:0
end_of_record
TN:
SF:/Users/joeynguyen/git/projects/spendless/src/app/NextRoutePathReducer.js
FNF:0
FNH:0
DA:1,0
DA:4,0
DA:6,0
DA:8,0
LF:4
LH:0
BRDA:3,0,0,0
BRDA:5,1,0,0
BRDA:5,1,1,0
BRF:3
BRH:0
end_of_record
TN:
SF:/Users/joeynguyen/git/projects/spendless/src/app/Root.jsx
FN:7,Root
FNF:1
FNH:0
FNDA:0,Root
DA:1,0
DA:2,0
DA:3,0
DA:5,0
DA:8,0
LF:5
LH:0
BRF:0
BRH:0
end_of_record
TN:
SF:/Users/joeynguyen/git/projects/spendless/src/app/Sidebar.jsx
FN:5,(anonymous_1)
FNF:1
FNH:0
FNDA:0,(anonymous_1)
DA:1,0
DA:2,0
DA:3,0
DA:5,0
DA:6,0
LF:5
LH:0
BRF:0
BRH:0
end_of_record
TN:
SF:/Users/joeynguyen/git/projects/spendless/src/app/SidebarHeaderContainer.jsx
FN:12,(anonymous_2)
FN:27,mapDispatchToProps
FNF:2
FNH:0
FNDA:0,(anonymous_2)
FNDA:0,mapDispatchToProps
DA:1,0
DA:2,0
DA:3,0
DA:4,0
DA:5,0
DA:6,0
DA:13,0
DA:28,0
LF:8
LH:0
BRF:0
BRH:0
end_of_record
TN:
SF:/Users/joeynguyen/git/projects/spendless/src/help/HelpContent.jsx
FN:3,(anonymous_1)
FNF:1
FNH:0
FNDA:0,(anonymous_1)
DA:1,0
DA:3,0
DA:4,0
LF:3
LH:0
BRF:0
BRH:0
end_of_record
TN:
SF:/Users/joeynguyen/git/projects/spendless/src/manage-accounts/AccountTypeForm.jsx
FN:7,(anonymous_0)
FN:8,handleSubmit
FN:10,(anonymous_2)
FN:21,(anonymous_3)
FN:25,(anonymous_4)
FNF:5
FNH:0
FNDA:0,(anonymous_0)
FNDA:0,handleSubmit
FNDA:0,(anonymous_2)
FNDA:0,(anonymous_3)
FNDA:0,(anonymous_4)
DA:7,4
DA:9,0
DA:10,0
DA:11,0
DA:12,0
DA:19,0
DA:22,0
DA:23,0
DA:26,0
DA:33,0
DA:39,0
DA:40,0
DA:48,0
DA:55,4
LF:14
LH:2
BRDA:11,0,0,0
BRDA:11,0,1,0
BRDA:39,1,0,0
BRDA:39,1,1,0
BRF:4
BRH:0
end_of_record
TN:
SF:/Users/joeynguyen/git/projects/spendless/src/manage-accounts/AccountTypeFormContainer.jsx
FN:18,(anonymous_0)
FN:28,mapDispatchToProps
FNF:2
FNH:0
FNDA:0,(anonymous_0)
FNDA:0,mapDispatchToProps
DA:19,0
DA:29,0
LF:2
LH:0
BRF:0
BRH:0
end_of_record
TN:
SF:/Users/joeynguyen/git/projects/spendless/src/manage-accounts/AccountsList.jsx
FN:5,(anonymous_0)
FN:8,(anonymous_1)
FNF:2
FNH:2
FNDA:1,(anonymous_0)
FNDA:3,(anonymous_1)
DA:5,3
DA:6,1
DA:9,3
DA:14,3
LF:4
LH:4
BRF:0
BRH:0
end_of_record
TN:
SF:/Users/joeynguyen/git/projects/spendless/src/manage-accounts/AccountsListItem.jsx
FN:14,(anonymous_0)
FN:17,(anonymous_1)
FNF:2
FNH:2
FNDA:1,(anonymous_0)
FNDA:4,(anonymous_1)
DA:15,1
DA:18,4
DA:19,4
DA:20,1
DA:31,1
DA:41,4
DA:42,4
LF:7
LH:7
BRDA:19,0,0,1
BRDA:19,0,1,3
BRDA:41,1,0,1
BRDA:41,1,1,3
BRDA:46,2,0,1
BRDA:46,2,1,3
BRF:6
BRH:6
end_of_record
TN:
SF:/Users/joeynguyen/git/projects/spendless/src/manage-accounts/AddAccount.jsx
FN:10,(anonymous_0)
FN:13,(anonymous_1)
FNF:2
FNH:2
FNDA:1,(anonymous_0)
FNDA:3,(anonymous_1)
DA:11,1
DA:14,3
DA:15,3
DA:16,1
DA:18,3
LF:5
LH:5
BRDA:15,0,0,1
BRDA:15,0,1,2
BRF:2
BRH:2
end_of_record
TN:
SF:/Users/joeynguyen/git/projects/spendless/src/manage-accounts/AddAccountForm.jsx
FN:9,(anonymous_0)
FNF:1
FNH:0
FNDA:0,(anonymous_0)
DA:7,4
DA:9,4
DA:10,0
DA:12,0
DA:14,0
DA:34,4
LF:6
LH:3
BRF:0
BRH:0
end_of_record
TN:
SF:/Users/joeynguyen/git/projects/spendless/src/manage-accounts/AddBankAccount.jsx
FN:5,(anonymous_0)
FNF:1
FNH:0
FNDA:0,(anonymous_0)
DA:5,4
DA:6,0
DA:49,4
LF:3
LH:2
BRF:0
BRH:0
end_of_record
TN:
SF:/Users/joeynguyen/git/projects/spendless/src/manage-accounts/AddCreditCardAccount.jsx
FN:8,(anonymous_0)
FNF:1
FNH:0
FNDA:0,(anonymous_0)
DA:8,4
DA:9,0
DA:52,4
LF:3
LH:2
BRF:0
BRH:0
end_of_record
TN:
SF:/Users/joeynguyen/git/projects/spendless/src/manage-accounts/EditAccountFormContainer.jsx
FN:20,(anonymous_0)
FN:23,(anonymous_1)
FN:26,(anonymous_2)
FN:31,(anonymous_3)
FN:35,(anonymous_4)
FN:42,(anonymous_5)
FN:47,(anonymous_6)
FN:76,mapStateToProps
FN:82,mapDispatchToProps
FNF:9
FNH:0
FNDA:0,(anonymous_0)
FNDA:0,(anonymous_1)
FNDA:0,(anonymous_2)
FNDA:0,(anonymous_3)
FNDA:0,(anonymous_4)
FNDA:0,(anonymous_5)
FNDA:0,(anonymous_6)
FNDA:0,mapStateToProps
FNDA:0,mapDispatchToProps
DA:21,0
DA:24,0
DA:27,0
DA:33,0
DA:37,0
DA:38,0
DA:40,0
DA:43,0
DA:49,0
DA:50,0
DA:61,0
DA:72,0
DA:77,0
DA:83,0
LF:14
LH:0
BRDA:37,0,0,0
BRDA:37,0,1,0
BRDA:49,1,0,0
BRDA:49,1,1,0
BRF:4
BRH:0
end_of_record
TN:
SF:/Users/joeynguyen/git/projects/spendless/src/manage-accounts/EditAccountHandler.jsx
FN:5,withEditAccountHandler
FN:7,(anonymous_1)
FN:10,(anonymous_2)
FN:24,(anonymous_3)
FNF:4
FNH:1
FNDA:8,withEditAccountHandler
FNDA:0,(anonymous_1)
FNDA:0,(anonymous_2)
FNDA:0,(anonymous_3)
DA:8,0
DA:10,0
DA:11,0
DA:12,0
DA:19,0
DA:25,0
DA:35,8
DA:42,8
DA:44,0
LF:9
LH:2
BRDA:11,0,0,0
BRDA:11,0,1,0
BRF:2
BRH:0
end_of_record
TN:
SF:/Users/joeynguyen/git/projects/spendless/src/manage-accounts/EditBankAccount.jsx
FN:10,(anonymous_0)
FNF:1
FNH:0
FNDA:0,(anonymous_0)
DA:7,4
DA:11,0
DA:13,0
DA:71,4
LF:4
LH:2
BRF:0
BRH:0
end_of_record
TN:
SF:/Users/joeynguyen/git/projects/spendless/src/manage-accounts/EditCreditCardAccount.jsx
FN:12,(anonymous_0)
FNF:1
FNH:0
FNDA:0,(anonymous_0)
DA:9,4
DA:13,0
DA:15,0
DA:74,4
LF:4
LH:2
BRF:0
BRH:0
end_of_record
TN:
SF:/Users/joeynguyen/git/projects/spendless/src/manage-accounts/ManageAccounts.jsx
FN:7,(anonymous_0)
FN:8,(anonymous_1)
FN:9,(anonymous_2)
FNF:3
FNH:3
FNDA:1,(anonymous_0)
FNDA:3,(anonymous_1)
FNDA:3,(anonymous_2)
DA:7,2
DA:8,3
DA:9,3
DA:10,1
DA:15,1
DA:41,2
LF:6
LH:6
BRF:0
BRH:0
end_of_record
TN:
SF:/Users/joeynguyen/git/projects/spendless/src/manage-accounts/ManageAccountsActions.js
FN:3,toggleManageAccounts
FNF:1
FNH:0
FNDA:0,toggleManageAccounts
DA:1,1
DA:4,0
LF:2
LH:1
BRF:0
BRH:0
end_of_record
TN:
SF:/Users/joeynguyen/git/projects/spendless/src/manage-accounts/ManageAccountsContainer.jsx
FN:14,(anonymous_0)
FN:25,mapStateToProps
FN:32,mapDispatchToProps
FNF:3
FNH:1
FNDA:1,(anonymous_0)
FNDA:0,mapStateToProps
FNDA:0,mapDispatchToProps
DA:15,1
DA:26,0
DA:33,0
LF:3
LH:1
BRF:0
BRH:0
end_of_record
TN:
SF:/Users/joeynguyen/git/projects/spendless/src/manage-accounts/ManageAccountsVisibleReducer.js
FNF:0
FNH:0
DA:1,0
DA:4,0
DA:6,0
DA:8,0
LF:4
LH:0
BRDA:3,0,0,0
BRDA:5,1,0,0
BRDA:5,1,1,0
BRF:3
BRH:0
end_of_record
TN:
SF:/Users/joeynguyen/git/projects/spendless/src/overview/Overview.jsx
FN:3,(anonymous_1)
FNF:1
FNH:0
FNDA:0,(anonymous_1)
DA:1,0
DA:3,0
DA:4,0
LF:3
LH:0
BRF:0
BRH:0
end_of_record
TN:
SF:/Users/joeynguyen/git/projects/spendless/src/store/configureStore.js
FN:15,(anonymous_2)
FN:62,(anonymous_3)
FNF:2
FNH:0
FNDA:0,(anonymous_2)
FNDA:0,(anonymous_3)
DA:1,0
DA:2,0
DA:3,0
DA:4,0
DA:5,0
DA:7,0
DA:8,0
DA:9,0
DA:10,0
DA:11,0
DA:13,0
DA:15,0
DA:17,0
DA:18,0
DA:21,0
DA:24,0
DA:28,0
DA:31,0
DA:32,0
DA:35,0
DA:45,0
DA:53,0
DA:54,0
DA:57,0
DA:59,0
DA:60,0
DA:62,0
DA:66,0
LF:28
LH:0
BRDA:46,0,0,0
BRDA:46,0,1,0
BRDA:59,1,0,0
BRDA:59,1,1,0
BRF:4
BRH:0
end_of_record
TN:
SF:/Users/joeynguyen/git/projects/spendless/src/store/configureStore.prod.js
FN:11,configureStore
FNF:1
FNH:0
FNDA:0,configureStore
DA:1,0
DA:2,0
DA:3,0
DA:4,0
DA:5,0
DA:7,0
DA:9,0
DA:12,0
LF:8
LH:0
BRF:0
BRH:0
end_of_record
TN:
SF:/Users/joeynguyen/git/projects/spendless/src/utils/csvParser.js
FN:10,convertTransactionTextToArray
FN:21,(anonymous_2)
FN:37,convertTransactionArrayToObject
FN:45,(anonymous_4)
FN:97,isHeaderRow
FN:106,findRowDelimiter
FN:118,parseCSV
FN:119,(anonymous_8)
FN:123,onLoad
FN:129,(anonymous_10)
FN:154,(anonymous_11)
FN:158,(anonymous_12)
FN:162,(anonymous_13)
FNF:13
FNH:0
FNDA:0,convertTransactionTextToArray
FNDA:0,(anonymous_2)
FNDA:0,convertTransactionArrayToObject
FNDA:0,(anonymous_4)
FNDA:0,isHeaderRow
FNDA:0,findRowDelimiter
FNDA:0,parseCSV
FNDA:0,(anonymous_8)
FNDA:0,onLoad
FNDA:0,(anonymous_10)
FNDA:0,(anonymous_11)
FNDA:0,(anonymous_12)
FNDA:0,(anonymous_13)
DA:1,0
DA:3,0
DA:20,0
DA:21,0
DA:22,0
DA:23,0
DA:25,0
DA:28,0
DA:33,0
DA:45,0
DA:46,0
DA:52,0
DA:53,0
DA:57,0
DA:58,0
DA:59,0
DA:60,0
DA:64,0
DA:65,0
DA:69,0
DA:70,0
DA:75,0
DA:80,0
DA:98,0
DA:108,0
DA:109,0
DA:110,0
DA:111,0
DA:113,0
DA:115,0
DA:119,0
DA:120,0
DA:121,0
DA:122,0
DA:123,0
DA:124,0
DA:126,0
DA:129,0
DA:130,0
DA:131,0
DA:132,0
DA:134,0
DA:137,0
DA:139,0
DA:141,0
DA:144,0
DA:148,0
DA:154,0
DA:158,0
DA:159,0
DA:162,0
DA:163,0
DA:174,0
LF:53
LH:0
BRDA:22,0,0,0
BRDA:22,0,1,0
BRDA:52,1,0,0
BRDA:52,1,1,0
BRDA:57,2,0,0
BRDA:57,2,1,0
BRDA:59,3,0,0
BRDA:59,3,1,0
BRDA:64,4,0,0
BRDA:64,4,1,0
BRDA:64,5,0,0
BRDA:64,5,1,0
BRDA:69,6,0,0
BRDA:69,6,1,0
BRDA:69,7,0,0
BRDA:69,7,1,0
BRDA:86,8,0,0
BRDA:86,8,1,0
BRDA:88,9,0,0
BRDA:88,9,1,0
BRDA:90,10,0,0
BRDA:90,10,1,0
BRDA:99,11,0,0
BRDA:99,11,1,0
BRDA:99,11,2,0
BRDA:99,11,3,0
BRDA:99,11,4,0
BRDA:108,12,0,0
BRDA:108,12,1,0
BRDA:110,13,0,0
BRDA:110,13,1,0
BRDA:130,14,0,0
BRDA:130,14,1,0
BRDA:137,15,0,0
BRDA:137,15,1,0
BRF:35
BRH:0
end_of_record
TN:
SF:/Users/joeynguyen/git/projects/spendless/src/utils/helpers.js
FN:6,(anonymous_0)
FN:7,(anonymous_1)
FN:18,(anonymous_2)
FN:19,(anonymous_3)
FNF:4
FNH:0
FNDA:0,(anonymous_0)
FNDA:0,(anonymous_1)
FNDA:0,(anonymous_2)
FNDA:0,(anonymous_3)
DA:4,6
DA:6,6
DA:8,0
DA:18,6
DA:20,0
LF:5
LH:3
BRF:0
BRH:0
end_of_record
TN:
SF:/Users/joeynguyen/git/projects/spendless/src/utils/icons.ts
FN:1,(anonymous_0)
FNF:1
FNH:1
FNDA:7,(anonymous_0)
DA:1,1
DA:3,7
DA:5,1
DA:6,1
DA:8,1
DA:9,1
DA:11,5
DA:13,7
LF:8
LH:8
BRDA:4,0,0,1
BRDA:4,0,1,1
BRDA:4,0,2,5
BRF:3
BRH:3
end_of_record
TN:
SF:/Users/joeynguyen/git/projects/spendless/src/utils/strings.js
FN:1,removeCommas
FN:6,getOnlyNumberPortion
FN:18,convertNumStrToAbsoluteNum
FN:24,convertNumStrToValidNum
FN:39,trimMultipleSpaces
FNF:5
FNH:0
FNDA:0,removeCommas
FNDA:0,getOnlyNumberPortion
FNDA:0,convertNumStrToAbsoluteNum
FNDA:0,convertNumStrToValidNum
FNDA:0,trimMultipleSpaces
DA:2,0
DA:8,0
DA:9,0
DA:10,0
DA:12,0
DA:19,0
DA:20,0
DA:21,0
DA:25,0
DA:27,0
DA:33,0
DA:36,0
DA:40,0
LF:13
LH:0
BRDA:9,0,0,0
BRDA:9,0,1,0
BRDA:27,1,0,0
BRDA:27,1,1,0
BRDA:28,2,0,0
BRDA:28,2,1,0
BRDA:28,2,2,0
BRF:7
BRH:0
end_of_record
